Warning: couldn't find router id -- using random value.
Warning: couldn't determine channel of interface wg0.
I just sent a full path rtt subtlv with val 0.000!
I just sent a full path rtt subtlv with val 0.000!

My id b0:88:ad:8b:35:b3:8e:75 seqno 21678
Neighbour fe80::5cf5:5c61 dev wg0 reach 8000 rxcost 1023 txcost 65535 rtt 0.000 rttcost 0 chan 255.
fd01:1234:1234:1234:8f04:137e:9a1:8b79/128 metric 0 price 5 (exported)
2001::1/128 metric 0 price 5 (exported)
I just sent a full path rtt subtlv with val 0.000!
I just sent a full path rtt subtlv with val 0.000!

My id b0:88:ad:8b:35:b3:8e:75 seqno 21678
Neighbour fe80::5cf5:5c61 dev wg0 reach c000 rxcost 511 txcost 65535 rtt 0.000 rttcost 0 chan 255.
fd01:1234:1234:1234:8f04:137e:9a1:8b79/128 metric 0 price 5 (exported)
2001::1/128 metric 0 price 5 (exported)
About to enter subtlv parsting loop if 0 < 4
Hey look at me I've got a path rtt subtlv with value 0.000
About to enter subtlv parsting loop if 0 < 4
Hey look at me I've got a path rtt subtlv with value 0.000
About to enter subtlv parsting loop if 0 < 4
Hey look at me I've got a path rtt subtlv with value 0.000

My id b0:88:ad:8b:35:b3:8e:75 seqno 21678
Neighbour fe80::5cf5:5c61 dev wg0 reach e000 rxcost 341 txcost 65535 rtt 0.000 rttcost 0 chan 255.
fd01:1234:1234:1234:8f04:137e:9a1:8b79/128 metric 0 price 5 (exported)
2001::1/128 metric 0 price 5 (exported)
2001::2/128 metric 65535 (65535) price 15 refmetric 0 rtt 0.000 id 38:62:35:70:d6:ff:aa:ed seqno 58555 age 0 via wg0 neigh fe80::5cf5:5c61 (installed)
fd01:1234:1234:1234:4534:7b6f:5cf5:5c61/128 metric 65535 (65535) price 15 refmetric 0 rtt 0.000 id 38:62:35:70:d6:ff:aa:ed seqno 58555 age 0 via wg0 neigh fe80::5cf5:5c61 (installed)
fd01:1234:1234:1234:6494:b3aa:e17d:1657/128 metric 65535 (65535) price 15 refmetric 0 rtt 0.000 id 38:62:35:70:d6:ff:aa:ed seqno 58555 age 0 via wg0 neigh fe80::5cf5:5c61 (installed)

My id b0:88:ad:8b:35:b3:8e:75 seqno 21678
Neighbour fe80::5cf5:5c61 dev wg0 reach e000 rxcost 341 txcost 65535 rtt 0.000 rttcost 0 chan 255.
fd01:1234:1234:1234:8f04:137e:9a1:8b79/128 metric 0 price 5 (exported)
2001::1/128 metric 0 price 5 (exported)
2001::2/128 metric 65535 (65535) price 15 refmetric 0 rtt 0.000 id 38:62:35:70:d6:ff:aa:ed seqno 58555 age 0 via wg0 neigh fe80::5cf5:5c61 (installed)
fd01:1234:1234:1234:4534:7b6f:5cf5:5c61/128 metric 65535 (65535) price 15 refmetric 0 rtt 0.000 id 38:62:35:70:d6:ff:aa:ed seqno 58555 age 0 via wg0 neigh fe80::5cf5:5c61 (installed)
fd01:1234:1234:1234:6494:b3aa:e17d:1657/128 metric 65535 (65535) price 15 refmetric 0 rtt 0.000 id 38:62:35:70:d6:ff:aa:ed seqno 58555 age 0 via wg0 neigh fe80::5cf5:5c61 (installed)

My id b0:88:ad:8b:35:b3:8e:75 seqno 21678
Neighbour fe80::5cf5:5c61 dev wg0 reach e000 rxcost 341 txcost 65535 rtt 0.000 rttcost 0 chan 255.
fd01:1234:1234:1234:8f04:137e:9a1:8b79/128 metric 0 price 5 (exported)
2001::1/128 metric 0 price 5 (exported)
2001::2/128 metric 65535 (65535) price 15 refmetric 0 rtt 0.000 id 38:62:35:70:d6:ff:aa:ed seqno 58555 age 0 via wg0 neigh fe80::5cf5:5c61 (installed)
fd01:1234:1234:1234:4534:7b6f:5cf5:5c61/128 metric 65535 (65535) price 15 refmetric 0 rtt 0.000 id 38:62:35:70:d6:ff:aa:ed seqno 58555 age 0 via wg0 neigh fe80::5cf5:5c61 (installed)
fd01:1234:1234:1234:6494:b3aa:e17d:1657/128 metric 65535 (65535) price 15 refmetric 0 rtt 0.000 id 38:62:35:70:d6:ff:aa:ed seqno 58555 age 0 via wg0 neigh fe80::5cf5:5c61 (installed)

My id b0:88:ad:8b:35:b3:8e:75 seqno 21678
Neighbour fe80::5cf5:5c61 dev wg0 reach e000 rxcost 341 txcost 65535 rtt 0.000 rttcost 0 chan 255.
fd01:1234:1234:1234:8f04:137e:9a1:8b79/128 metric 0 price 5 (exported)
2001::1/128 metric 0 price 5 (exported)
2001::2/128 metric 65535 (65535) price 15 refmetric 0 rtt 0.000 id 38:62:35:70:d6:ff:aa:ed seqno 58555 age 0 via wg0 neigh fe80::5cf5:5c61 (installed)
fd01:1234:1234:1234:4534:7b6f:5cf5:5c61/128 metric 65535 (65535) price 15 refmetric 0 rtt 0.000 id 38:62:35:70:d6:ff:aa:ed seqno 58555 age 0 via wg0 neigh fe80::5cf5:5c61 (installed)
fd01:1234:1234:1234:6494:b3aa:e17d:1657/128 metric 65535 (65535) price 15 refmetric 0 rtt 0.000 id 38:62:35:70:d6:ff:aa:ed seqno 58555 age 0 via wg0 neigh fe80::5cf5:5c61 (installed)

My id b0:88:ad:8b:35:b3:8e:75 seqno 21678
Neighbour fe80::5cf5:5c61 dev wg0 reach f000 rxcost 292 txcost 65535 rtt 0.000 rttcost 0 chan 255.
fd01:1234:1234:1234:8f04:137e:9a1:8b79/128 metric 0 price 5 (exported)
2001::1/128 metric 0 price 5 (exported)
2001::2/128 metric 65535 (65535) price 15 refmetric 0 rtt 0.000 id 38:62:35:70:d6:ff:aa:ed seqno 58555 age 0 via wg0 neigh fe80::5cf5:5c61 (installed)
fd01:1234:1234:1234:4534:7b6f:5cf5:5c61/128 metric 65535 (65535) price 15 refmetric 0 rtt 0.000 id 38:62:35:70:d6:ff:aa:ed seqno 58555 age 0 via wg0 neigh fe80::5cf5:5c61 (installed)
fd01:1234:1234:1234:6494:b3aa:e17d:1657/128 metric 65535 (65535) price 15 refmetric 0 rtt 0.000 id 38:62:35:70:d6:ff:aa:ed seqno 58555 age 0 via wg0 neigh fe80::5cf5:5c61 (installed)
About to enter subtlv parsting loop if 0 < 4
Hey look at me I've got a path rtt subtlv with value 0.000
About to enter subtlv parsting loop if 0 < 4
Hey look at me I've got a path rtt subtlv with value 0.000
About to enter subtlv parsting loop if 0 < 4
Hey look at me I've got a path rtt subtlv with value 0.000

My id b0:88:ad:8b:35:b3:8e:75 seqno 21678
Neighbour fe80::5cf5:5c61 dev wg0 reach f800 rxcost 273 txcost 1023 rtt 0.000 rttcost 0 chan 255.
fd01:1234:1234:1234:8f04:137e:9a1:8b79/128 metric 0 price 5 (exported)
2001::1/128 metric 0 price 5 (exported)
2001::2/128 metric 1091 (65535) price 15 refmetric 0 rtt 0.000 id 38:62:35:70:d6:ff:aa:ed seqno 58555 age 0 via wg0 neigh fe80::5cf5:5c61 (installed)
fd01:1234:1234:1234:4534:7b6f:5cf5:5c61/128 metric 1091 (65535) price 15 refmetric 0 rtt 0.000 id 38:62:35:70:d6:ff:aa:ed seqno 58555 age 0 via wg0 neigh fe80::5cf5:5c61 (installed)
fd01:1234:1234:1234:6494:b3aa:e17d:1657/128 metric 1091 (65535) price 15 refmetric 0 rtt 0.000 id 38:62:35:70:d6:ff:aa:ed seqno 58555 age 0 via wg0 neigh fe80::5cf5:5c61 (installed)

My id b0:88:ad:8b:35:b3:8e:75 seqno 21678
Neighbour fe80::5cf5:5c61 dev wg0 reach f800 rxcost 273 txcost 1023 rtt 0.000 rttcost 0 chan 255.
fd01:1234:1234:1234:8f04:137e:9a1:8b79/128 metric 0 price 5 (exported)
2001::1/128 metric 0 price 5 (exported)
2001::2/128 metric 1091 (65535) price 15 refmetric 0 rtt 0.000 id 38:62:35:70:d6:ff:aa:ed seqno 58555 age 0 via wg0 neigh fe80::5cf5:5c61 (installed)
fd01:1234:1234:1234:4534:7b6f:5cf5:5c61/128 metric 1091 (65535) price 15 refmetric 0 rtt 0.000 id 38:62:35:70:d6:ff:aa:ed seqno 58555 age 0 via wg0 neigh fe80::5cf5:5c61 (installed)
fd01:1234:1234:1234:6494:b3aa:e17d:1657/128 metric 1091 (65535) price 15 refmetric 0 rtt 0.000 id 38:62:35:70:d6:ff:aa:ed seqno 58555 age 0 via wg0 neigh fe80::5cf5:5c61 (installed)

My id b0:88:ad:8b:35:b3:8e:75 seqno 21678
Neighbour fe80::5cf5:5c61 dev wg0 reach f800 rxcost 273 txcost 1023 rtt 0.000 rttcost 0 chan 255.
fd01:1234:1234:1234:8f04:137e:9a1:8b79/128 metric 0 price 5 (exported)
2001::1/128 metric 0 price 5 (exported)
2001::2/128 metric 1091 (65535) price 15 refmetric 0 rtt 0.000 id 38:62:35:70:d6:ff:aa:ed seqno 58555 age 0 via wg0 neigh fe80::5cf5:5c61 (installed)
fd01:1234:1234:1234:4534:7b6f:5cf5:5c61/128 metric 1091 (65535) price 15 refmetric 0 rtt 0.000 id 38:62:35:70:d6:ff:aa:ed seqno 58555 age 0 via wg0 neigh fe80::5cf5:5c61 (installed)
fd01:1234:1234:1234:6494:b3aa:e17d:1657/128 metric 1091 (65535) price 15 refmetric 0 rtt 0.000 id 38:62:35:70:d6:ff:aa:ed seqno 58555 age 0 via wg0 neigh fe80::5cf5:5c61 (installed)

My id b0:88:ad:8b:35:b3:8e:75 seqno 21678
Neighbour fe80::5cf5:5c61 dev wg0 reach f800 rxcost 273 txcost 1023 rtt 0.000 rttcost 0 chan 255.
fd01:1234:1234:1234:8f04:137e:9a1:8b79/128 metric 0 price 5 (exported)
2001::1/128 metric 0 price 5 (exported)
2001::2/128 metric 1091 (65535) price 15 refmetric 0 rtt 0.000 id 38:62:35:70:d6:ff:aa:ed seqno 58555 age 0 via wg0 neigh fe80::5cf5:5c61 (installed)
fd01:1234:1234:1234:4534:7b6f:5cf5:5c61/128 metric 1091 (65535) price 15 refmetric 0 rtt 0.000 id 38:62:35:70:d6:ff:aa:ed seqno 58555 age 0 via wg0 neigh fe80::5cf5:5c61 (installed)
fd01:1234:1234:1234:6494:b3aa:e17d:1657/128 metric 1091 (65535) price 15 refmetric 0 rtt 0.000 id 38:62:35:70:d6:ff:aa:ed seqno 58555 age 0 via wg0 neigh fe80::5cf5:5c61 (installed)

My id b0:88:ad:8b:35:b3:8e:75 seqno 21678
Neighbour fe80::5cf5:5c61 dev wg0 reach f800 rxcost 273 txcost 1023 rtt 0.000 rttcost 0 chan 255.
fd01:1234:1234:1234:8f04:137e:9a1:8b79/128 metric 0 price 5 (exported)
2001::1/128 metric 0 price 5 (exported)
2001::2/128 metric 1091 (65535) price 15 refmetric 0 rtt 0.000 id 38:62:35:70:d6:ff:aa:ed seqno 58555 age 0 via wg0 neigh fe80::5cf5:5c61 (installed)
fd01:1234:1234:1234:4534:7b6f:5cf5:5c61/128 metric 1091 (65535) price 15 refmetric 0 rtt 0.000 id 38:62:35:70:d6:ff:aa:ed seqno 58555 age 0 via wg0 neigh fe80::5cf5:5c61 (installed)
fd01:1234:1234:1234:6494:b3aa:e17d:1657/128 metric 1091 (65535) price 15 refmetric 0 rtt 0.000 id 38:62:35:70:d6:ff:aa:ed seqno 58555 age 0 via wg0 neigh fe80::5cf5:5c61 (installed)

My id b0:88:ad:8b:35:b3:8e:75 seqno 21678
Neighbour fe80::5cf5:5c61 dev wg0 reach f800 rxcost 273 txcost 1023 rtt 0.000 rttcost 0 chan 255.
fd01:1234:1234:1234:8f04:137e:9a1:8b79/128 metric 0 price 5 (exported)
2001::1/128 metric 0 price 5 (exported)
2001::2/128 metric 1091 (65535) price 15 refmetric 0 rtt 0.000 id 38:62:35:70:d6:ff:aa:ed seqno 58555 age 0 via wg0 neigh fe80::5cf5:5c61 (installed)
fd01:1234:1234:1234:4534:7b6f:5cf5:5c61/128 metric 1091 (65535) price 15 refmetric 0 rtt 0.000 id 38:62:35:70:d6:ff:aa:ed seqno 58555 age 0 via wg0 neigh fe80::5cf5:5c61 (installed)
fd01:1234:1234:1234:6494:b3aa:e17d:1657/128 metric 1091 (65535) price 15 refmetric 0 rtt 0.000 id 38:62:35:70:d6:ff:aa:ed seqno 58555 age 0 via wg0 neigh fe80::5cf5:5c61 (installed)

My id b0:88:ad:8b:35:b3:8e:75 seqno 21678
Neighbour fe80::5cf5:5c61 dev wg0 reach f800 rxcost 273 txcost 1023 rtt 0.000 rttcost 0 chan 255.
fd01:1234:1234:1234:8f04:137e:9a1:8b79/128 metric 0 price 5 (exported)
2001::1/128 metric 0 price 5 (exported)
2001::2/128 metric 1091 (51099) price 15 refmetric 0 rtt 0.000 id 38:62:35:70:d6:ff:aa:ed seqno 58555 age 1 via wg0 neigh fe80::5cf5:5c61 (installed)
fd01:1234:1234:1234:4534:7b6f:5cf5:5c61/128 metric 1091 (50353) price 15 refmetric 0 rtt 0.000 id 38:62:35:70:d6:ff:aa:ed seqno 58555 age 1 via wg0 neigh fe80::5cf5:5c61 (installed)
fd01:1234:1234:1234:6494:b3aa:e17d:1657/128 metric 1091 (53394) price 15 refmetric 0 rtt 0.000 id 38:62:35:70:d6:ff:aa:ed seqno 58555 age 1 via wg0 neigh fe80::5cf5:5c61 (installed)

My id b0:88:ad:8b:35:b3:8e:75 seqno 21678
Neighbour fe80::5cf5:5c61 dev wg0 reach f800 rxcost 273 txcost 1023 rtt 0.000 rttcost 0 chan 255.
fd01:1234:1234:1234:8f04:137e:9a1:8b79/128 metric 0 price 5 (exported)
2001::1/128 metric 0 price 5 (exported)
2001::2/128 metric 1091 (51099) price 15 refmetric 0 rtt 0.000 id 38:62:35:70:d6:ff:aa:ed seqno 58555 age 1 via wg0 neigh fe80::5cf5:5c61 (installed)
fd01:1234:1234:1234:4534:7b6f:5cf5:5c61/128 metric 1091 (50353) price 15 refmetric 0 rtt 0.000 id 38:62:35:70:d6:ff:aa:ed seqno 58555 age 1 via wg0 neigh fe80::5cf5:5c61 (installed)
fd01:1234:1234:1234:6494:b3aa:e17d:1657/128 metric 1091 (53394) price 15 refmetric 0 rtt 0.000 id 38:62:35:70:d6:ff:aa:ed seqno 58555 age 1 via wg0 neigh fe80::5cf5:5c61 (installed)
About to enter subtlv parsting loop if 0 < -2
About to enter subtlv parsting loop if 0 < -2

My id b0:88:ad:8b:35:b3:8e:75 seqno 21678
Neighbour fe80::5cf5:5c61 dev wg0 reach fc00 rxcost 264 txcost 511 rtt 0.000 rttcost 0 chan 255.
fd01:1234:1234:1234:8f04:137e:9a1:8b79/128 metric 0 price 5 (exported)
2001::1/128 metric 0 price 5 (exported)
2001::2/128 metric 527 (51099) price 15 refmetric 0 rtt 0.000 id 38:62:35:70:d6:ff:aa:ed seqno 58555 age 1 via wg0 neigh fe80::5cf5:5c61 (installed)
fd01:1234:1234:1234:4534:7b6f:5cf5:5c61/128 metric 527 (50353) price 15 refmetric 0 rtt 0.000 id 38:62:35:70:d6:ff:aa:ed seqno 58555 age 1 via wg0 neigh fe80::5cf5:5c61 (installed)
fd01:1234:1234:1234:6494:b3aa:e17d:1657/128 metric 527 (53394) price 15 refmetric 0 rtt 0.000 id 38:62:35:70:d6:ff:aa:ed seqno 58555 age 1 via wg0 neigh fe80::5cf5:5c61 (installed)

My id b0:88:ad:8b:35:b3:8e:75 seqno 21678
Neighbour fe80::5cf5:5c61 dev wg0 reach fc00 rxcost 264 txcost 341 rtt 0.000 rttcost 0 chan 255.
fd01:1234:1234:1234:8f04:137e:9a1:8b79/128 metric 0 price 5 (exported)
2001::1/128 metric 0 price 5 (exported)
2001::2/128 metric 352 (51099) price 15 refmetric 0 rtt 0.000 id 38:62:35:70:d6:ff:aa:ed seqno 58555 age 1 via wg0 neigh fe80::5cf5:5c61 (installed)
fd01:1234:1234:1234:4534:7b6f:5cf5:5c61/128 metric 352 (50353) price 15 refmetric 0 rtt 0.000 id 38:62:35:70:d6:ff:aa:ed seqno 58555 age 1 via wg0 neigh fe80::5cf5:5c61 (installed)
fd01:1234:1234:1234:6494:b3aa:e17d:1657/128 metric 352 (53394) price 15 refmetric 0 rtt 0.000 id 38:62:35:70:d6:ff:aa:ed seqno 58555 age 1 via wg0 neigh fe80::5cf5:5c61 (installed)

My id b0:88:ad:8b:35:b3:8e:75 seqno 21678
Neighbour fe80::5cf5:5c61 dev wg0 reach fc00 rxcost 264 txcost 341 rtt 0.000 rttcost 0 chan 255.
fd01:1234:1234:1234:8f04:137e:9a1:8b79/128 metric 0 price 5 (exported)
2001::1/128 metric 0 price 5 (exported)
2001::2/128 metric 352 (51099) price 15 refmetric 0 rtt 0.000 id 38:62:35:70:d6:ff:aa:ed seqno 58555 age 1 via wg0 neigh fe80::5cf5:5c61 (installed)
fd01:1234:1234:1234:4534:7b6f:5cf5:5c61/128 metric 352 (50353) price 15 refmetric 0 rtt 0.000 id 38:62:35:70:d6:ff:aa:ed seqno 58555 age 1 via wg0 neigh fe80::5cf5:5c61 (installed)
fd01:1234:1234:1234:6494:b3aa:e17d:1657/128 metric 352 (53394) price 15 refmetric 0 rtt 0.000 id 38:62:35:70:d6:ff:aa:ed seqno 58555 age 1 via wg0 neigh fe80::5cf5:5c61 (installed)

My id b0:88:ad:8b:35:b3:8e:75 seqno 21678
Neighbour fe80::5cf5:5c61 dev wg0 reach fc00 rxcost 264 txcost 264 rtt 0.000 rttcost 0 chan 255.
fd01:1234:1234:1234:8f04:137e:9a1:8b79/128 metric 0 price 5 (exported)
2001::1/128 metric 0 price 5 (exported)
2001::2/128 metric 272 (51099) price 15 refmetric 0 rtt 0.000 id 38:62:35:70:d6:ff:aa:ed seqno 58555 age 1 via wg0 neigh fe80::5cf5:5c61 (installed)
fd01:1234:1234:1234:4534:7b6f:5cf5:5c61/128 metric 272 (50353) price 15 refmetric 0 rtt 0.000 id 38:62:35:70:d6:ff:aa:ed seqno 58555 age 1 via wg0 neigh fe80::5cf5:5c61 (installed)
fd01:1234:1234:1234:6494:b3aa:e17d:1657/128 metric 272 (53394) price 15 refmetric 0 rtt 0.000 id 38:62:35:70:d6:ff:aa:ed seqno 58555 age 1 via wg0 neigh fe80::5cf5:5c61 (installed)

My id b0:88:ad:8b:35:b3:8e:75 seqno 21678
Neighbour fe80::5cf5:5c61 dev wg0 reach fc00 rxcost 264 txcost 264 rtt 0.000 rttcost 0 chan 255.
fd01:1234:1234:1234:8f04:137e:9a1:8b79/128 metric 0 price 5 (exported)
2001::1/128 metric 0 price 5 (exported)
2001::2/128 metric 272 (51099) price 15 refmetric 0 rtt 0.000 id 38:62:35:70:d6:ff:aa:ed seqno 58555 age 1 via wg0 neigh fe80::5cf5:5c61 (installed)
fd01:1234:1234:1234:4534:7b6f:5cf5:5c61/128 metric 272 (50353) price 15 refmetric 0 rtt 0.000 id 38:62:35:70:d6:ff:aa:ed seqno 58555 age 1 via wg0 neigh fe80::5cf5:5c61 (installed)
fd01:1234:1234:1234:6494:b3aa:e17d:1657/128 metric 272 (53394) price 15 refmetric 0 rtt 0.000 id 38:62:35:70:d6:ff:aa:ed seqno 58555 age 1 via wg0 neigh fe80::5cf5:5c61 (installed)

My id b0:88:ad:8b:35:b3:8e:75 seqno 21678
Neighbour fe80::5cf5:5c61 dev wg0 reach fc00 rxcost 264 txcost 264 rtt 0.000 rttcost 0 chan 255.
fd01:1234:1234:1234:8f04:137e:9a1:8b79/128 metric 0 price 5 (exported)
2001::1/128 metric 0 price 5 (exported)
2001::2/128 metric 272 (39383) price 15 refmetric 0 rtt 0.000 id 38:62:35:70:d6:ff:aa:ed seqno 58555 age 2 via wg0 neigh fe80::5cf5:5c61 (installed)
fd01:1234:1234:1234:4534:7b6f:5cf5:5c61/128 metric 272 (40139) price 15 refmetric 0 rtt 0.000 id 38:62:35:70:d6:ff:aa:ed seqno 58555 age 2 via wg0 neigh fe80::5cf5:5c61 (installed)
fd01:1234:1234:1234:6494:b3aa:e17d:1657/128 metric 272 (44711) price 15 refmetric 0 rtt 0.000 id 38:62:35:70:d6:ff:aa:ed seqno 58555 age 2 via wg0 neigh fe80::5cf5:5c61 (installed)

My id b0:88:ad:8b:35:b3:8e:75 seqno 21678
Neighbour fe80::5cf5:5c61 dev wg0 reach fe00 rxcost 260 txcost 264 rtt 0.000 rttcost 0 chan 255.
fd01:1234:1234:1234:8f04:137e:9a1:8b79/128 metric 0 price 5 (exported)
2001::1/128 metric 0 price 5 (exported)
2001::2/128 metric 272 (39383) price 15 refmetric 0 rtt 0.000 id 38:62:35:70:d6:ff:aa:ed seqno 58555 age 2 via wg0 neigh fe80::5cf5:5c61 (installed)
fd01:1234:1234:1234:4534:7b6f:5cf5:5c61/128 metric 272 (40139) price 15 refmetric 0 rtt 0.000 id 38:62:35:70:d6:ff:aa:ed seqno 58555 age 2 via wg0 neigh fe80::5cf5:5c61 (installed)
fd01:1234:1234:1234:6494:b3aa:e17d:1657/128 metric 272 (44711) price 15 refmetric 0 rtt 0.000 id 38:62:35:70:d6:ff:aa:ed seqno 58555 age 2 via wg0 neigh fe80::5cf5:5c61 (installed)

My id b0:88:ad:8b:35:b3:8e:75 seqno 21678
Neighbour fe80::5cf5:5c61 dev wg0 reach fe00 rxcost 260 txcost 264 rtt 0.000 rttcost 0 chan 255.
fd01:1234:1234:1234:8f04:137e:9a1:8b79/128 metric 0 price 5 (exported)
2001::1/128 metric 0 price 5 (exported)
2001::2/128 metric 272 (39383) price 15 refmetric 0 rtt 0.000 id 38:62:35:70:d6:ff:aa:ed seqno 58555 age 2 via wg0 neigh fe80::5cf5:5c61 (installed)
fd01:1234:1234:1234:4534:7b6f:5cf5:5c61/128 metric 272 (40139) price 15 refmetric 0 rtt 0.000 id 38:62:35:70:d6:ff:aa:ed seqno 58555 age 2 via wg0 neigh fe80::5cf5:5c61 (installed)
fd01:1234:1234:1234:6494:b3aa:e17d:1657/128 metric 272 (44711) price 15 refmetric 0 rtt 0.000 id 38:62:35:70:d6:ff:aa:ed seqno 58555 age 2 via wg0 neigh fe80::5cf5:5c61 (installed)

My id b0:88:ad:8b:35:b3:8e:75 seqno 21678
Neighbour fe80::5cf5:5c61 dev wg0 reach fe00 rxcost 260 txcost 264 rtt 0.000 rttcost 0 chan 255.
fd01:1234:1234:1234:8f04:137e:9a1:8b79/128 metric 0 price 5 (exported)
2001::1/128 metric 0 price 5 (exported)
2001::2/128 metric 272 (39383) price 15 refmetric 0 rtt 0.000 id 38:62:35:70:d6:ff:aa:ed seqno 58555 age 2 via wg0 neigh fe80::5cf5:5c61 (installed)
fd01:1234:1234:1234:4534:7b6f:5cf5:5c61/128 metric 272 (40139) price 15 refmetric 0 rtt 0.000 id 38:62:35:70:d6:ff:aa:ed seqno 58555 age 2 via wg0 neigh fe80::5cf5:5c61 (installed)
fd01:1234:1234:1234:6494:b3aa:e17d:1657/128 metric 272 (44711) price 15 refmetric 0 rtt 0.000 id 38:62:35:70:d6:ff:aa:ed seqno 58555 age 2 via wg0 neigh fe80::5cf5:5c61 (installed)

My id b0:88:ad:8b:35:b3:8e:75 seqno 21678
Neighbour fe80::5cf5:5c61 dev wg0 reach fe00 rxcost 260 txcost 264 rtt 0.000 rttcost 0 chan 255.
fd01:1234:1234:1234:8f04:137e:9a1:8b79/128 metric 0 price 5 (exported)
2001::1/128 metric 0 price 5 (exported)
2001::2/128 metric 272 (32877) price 15 refmetric 0 rtt 0.000 id 38:62:35:70:d6:ff:aa:ed seqno 58555 age 3 via wg0 neigh fe80::5cf5:5c61 (installed)
fd01:1234:1234:1234:4534:7b6f:5cf5:5c61/128 metric 272 (31013) price 15 refmetric 0 rtt 0.000 id 38:62:35:70:d6:ff:aa:ed seqno 58555 age 3 via wg0 neigh fe80::5cf5:5c61 (installed)
fd01:1234:1234:1234:6494:b3aa:e17d:1657/128 metric 272 (36590) price 15 refmetric 0 rtt 0.000 id 38:62:35:70:d6:ff:aa:ed seqno 58555 age 3 via wg0 neigh fe80::5cf5:5c61 (installed)

My id b0:88:ad:8b:35:b3:8e:75 seqno 21678
Neighbour fe80::5cf5:5c61 dev wg0 reach ff00 rxcost 258 txcost 264 rtt 0.000 rttcost 0 chan 255.
fd01:1234:1234:1234:8f04:137e:9a1:8b79/128 metric 0 price 5 (exported)
2001::1/128 metric 0 price 5 (exported)
2001::2/128 metric 272 (32877) price 15 refmetric 0 rtt 0.000 id 38:62:35:70:d6:ff:aa:ed seqno 58555 age 3 via wg0 neigh fe80::5cf5:5c61 (installed)
fd01:1234:1234:1234:4534:7b6f:5cf5:5c61/128 metric 272 (31013) price 15 refmetric 0 rtt 0.000 id 38:62:35:70:d6:ff:aa:ed seqno 58555 age 3 via wg0 neigh fe80::5cf5:5c61 (installed)
fd01:1234:1234:1234:6494:b3aa:e17d:1657/128 metric 272 (36590) price 15 refmetric 0 rtt 0.000 id 38:62:35:70:d6:ff:aa:ed seqno 58555 age 3 via wg0 neigh fe80::5cf5:5c61 (installed)

My id b0:88:ad:8b:35:b3:8e:75 seqno 21678
Neighbour fe80::5cf5:5c61 dev wg0 reach ff00 rxcost 258 txcost 264 rtt 0.000 rttcost 0 chan 255.
fd01:1234:1234:1234:8f04:137e:9a1:8b79/128 metric 0 price 5 (exported)
2001::1/128 metric 0 price 5 (exported)
2001::2/128 metric 272 (32877) price 15 refmetric 0 rtt 0.000 id 38:62:35:70:d6:ff:aa:ed seqno 58555 age 3 via wg0 neigh fe80::5cf5:5c61 (installed)
fd01:1234:1234:1234:4534:7b6f:5cf5:5c61/128 metric 272 (31013) price 15 refmetric 0 rtt 0.000 id 38:62:35:70:d6:ff:aa:ed seqno 58555 age 3 via wg0 neigh fe80::5cf5:5c61 (installed)
fd01:1234:1234:1234:6494:b3aa:e17d:1657/128 metric 272 (36590) price 15 refmetric 0 rtt 0.000 id 38:62:35:70:d6:ff:aa:ed seqno 58555 age 3 via wg0 neigh fe80::5cf5:5c61 (installed)

My id b0:88:ad:8b:35:b3:8e:75 seqno 21678
Neighbour fe80::5cf5:5c61 dev wg0 reach ff00 rxcost 258 txcost 264 rtt 0.000 rttcost 0 chan 255.
fd01:1234:1234:1234:8f04:137e:9a1:8b79/128 metric 0 price 5 (exported)
2001::1/128 metric 0 price 5 (exported)
2001::2/128 metric 272 (32877) price 15 refmetric 0 rtt 0.000 id 38:62:35:70:d6:ff:aa:ed seqno 58555 age 3 via wg0 neigh fe80::5cf5:5c61 (installed)
fd01:1234:1234:1234:4534:7b6f:5cf5:5c61/128 metric 272 (31013) price 15 refmetric 0 rtt 0.000 id 38:62:35:70:d6:ff:aa:ed seqno 58555 age 3 via wg0 neigh fe80::5cf5:5c61 (installed)
fd01:1234:1234:1234:6494:b3aa:e17d:1657/128 metric 272 (36590) price 15 refmetric 0 rtt 0.000 id 38:62:35:70:d6:ff:aa:ed seqno 58555 age 3 via wg0 neigh fe80::5cf5:5c61 (installed)

My id b0:88:ad:8b:35:b3:8e:75 seqno 21678
Neighbour fe80::5cf5:5c61 dev wg0 reach ff80 rxcost 256 txcost 258 rtt 0.000 rttcost 0 chan 255.
fd01:1234:1234:1234:8f04:137e:9a1:8b79/128 metric 0 price 5 (exported)
2001::1/128 metric 0 price 5 (exported)
2001::2/128 metric 258 (28238) price 15 refmetric 0 rtt 0.000 id 38:62:35:70:d6:ff:aa:ed seqno 58555 age 4 via wg0 neigh fe80::5cf5:5c61 (installed)
fd01:1234:1234:1234:4534:7b6f:5cf5:5c61/128 metric 258 (26157) price 15 refmetric 0 rtt 0.000 id 38:62:35:70:d6:ff:aa:ed seqno 58555 age 4 via wg0 neigh fe80::5cf5:5c61 (installed)
fd01:1234:1234:1234:6494:b3aa:e17d:1657/128 metric 258 (28327) price 15 refmetric 0 rtt 0.000 id 38:62:35:70:d6:ff:aa:ed seqno 58555 age 4 via wg0 neigh fe80::5cf5:5c61 (installed)

My id b0:88:ad:8b:35:b3:8e:75 seqno 21678
Neighbour fe80::5cf5:5c61 dev wg0 reach ff80 rxcost 256 txcost 258 rtt 0.000 rttcost 0 chan 255.
fd01:1234:1234:1234:8f04:137e:9a1:8b79/128 metric 0 price 5 (exported)
2001::1/128 metric 0 price 5 (exported)
2001::2/128 metric 258 (28238) price 15 refmetric 0 rtt 0.000 id 38:62:35:70:d6:ff:aa:ed seqno 58555 age 4 via wg0 neigh fe80::5cf5:5c61 (installed)
fd01:1234:1234:1234:4534:7b6f:5cf5:5c61/128 metric 258 (26157) price 15 refmetric 0 rtt 0.000 id 38:62:35:70:d6:ff:aa:ed seqno 58555 age 4 via wg0 neigh fe80::5cf5:5c61 (installed)
fd01:1234:1234:1234:6494:b3aa:e17d:1657/128 metric 258 (28327) price 15 refmetric 0 rtt 0.000 id 38:62:35:70:d6:ff:aa:ed seqno 58555 age 4 via wg0 neigh fe80::5cf5:5c61 (installed)

My id b0:88:ad:8b:35:b3:8e:75 seqno 21678
Neighbour fe80::5cf5:5c61 dev wg0 reach ff80 rxcost 256 txcost 258 rtt 0.000 rttcost 0 chan 255.
fd01:1234:1234:1234:8f04:137e:9a1:8b79/128 metric 0 price 5 (exported)
2001::1/128 metric 0 price 5 (exported)
2001::2/128 metric 258 (28238) price 15 refmetric 0 rtt 0.000 id 38:62:35:70:d6:ff:aa:ed seqno 58555 age 4 via wg0 neigh fe80::5cf5:5c61 (installed)
fd01:1234:1234:1234:4534:7b6f:5cf5:5c61/128 metric 258 (26157) price 15 refmetric 0 rtt 0.000 id 38:62:35:70:d6:ff:aa:ed seqno 58555 age 4 via wg0 neigh fe80::5cf5:5c61 (installed)
fd01:1234:1234:1234:6494:b3aa:e17d:1657/128 metric 258 (28327) price 15 refmetric 0 rtt 0.000 id 38:62:35:70:d6:ff:aa:ed seqno 58555 age 4 via wg0 neigh fe80::5cf5:5c61 (installed)

My id b0:88:ad:8b:35:b3:8e:75 seqno 21678
Neighbour fe80::5cf5:5c61 dev wg0 reach ff80 rxcost 256 txcost 258 rtt 0.000 rttcost 0 chan 255.
fd01:1234:1234:1234:8f04:137e:9a1:8b79/128 metric 0 price 5 (exported)
2001::1/128 metric 0 price 5 (exported)
2001::2/128 metric 258 (21704) price 15 refmetric 0 rtt 0.000 id 38:62:35:70:d6:ff:aa:ed seqno 58555 age 5 via wg0 neigh fe80::5cf5:5c61 (installed)
fd01:1234:1234:1234:4534:7b6f:5cf5:5c61/128 metric 258 (20752) price 15 refmetric 0 rtt 0.000 id 38:62:35:70:d6:ff:aa:ed seqno 58555 age 5 via wg0 neigh fe80::5cf5:5c61 (installed)
fd01:1234:1234:1234:6494:b3aa:e17d:1657/128 metric 258 (24062) price 15 refmetric 0 rtt 0.000 id 38:62:35:70:d6:ff:aa:ed seqno 58555 age 5 via wg0 neigh fe80::5cf5:5c61 (installed)

My id b0:88:ad:8b:35:b3:8e:75 seqno 21678
Neighbour fe80::5cf5:5c61 dev wg0 reach ff80 rxcost 256 txcost 258 rtt 0.000 rttcost 0 chan 255.
fd01:1234:1234:1234:8f04:137e:9a1:8b79/128 metric 0 price 5 (exported)
2001::1/128 metric 0 price 5 (exported)
2001::2/128 metric 258 (21704) price 15 refmetric 0 rtt 0.000 id 38:62:35:70:d6:ff:aa:ed seqno 58555 age 5 via wg0 neigh fe80::5cf5:5c61 (installed)
fd01:1234:1234:1234:4534:7b6f:5cf5:5c61/128 metric 258 (20752) price 15 refmetric 0 rtt 0.000 id 38:62:35:70:d6:ff:aa:ed seqno 58555 age 5 via wg0 neigh fe80::5cf5:5c61 (installed)
fd01:1234:1234:1234:6494:b3aa:e17d:1657/128 metric 258 (24062) price 15 refmetric 0 rtt 0.000 id 38:62:35:70:d6:ff:aa:ed seqno 58555 age 5 via wg0 neigh fe80::5cf5:5c61 (installed)
About to enter subtlv parsting loop if 0 < 4
Hey look at me I've got a path rtt subtlv with value 0.000
About to enter subtlv parsting loop if 0 < 4
Hey look at me I've got a path rtt subtlv with value 0.000
About to enter subtlv parsting loop if 0 < 4
Hey look at me I've got a path rtt subtlv with value 0.000
About to enter subtlv parsting loop if 0 < -2
About to enter subtlv parsting loop if 0 < -2

My id b0:88:ad:8b:35:b3:8e:75 seqno 21678
Neighbour fe80::5cf5:5c61 dev wg0 reach ffc0 rxcost 256 txcost 258 rtt 0.000 rttcost 0 chan 255.
fd01:1234:1234:1234:8f04:137e:9a1:8b79/128 metric 0 price 5 (exported)
2001::1/128 metric 0 price 5 (exported)
2001::2/128 metric 258 (21704) price 15 refmetric 0 rtt 0.000 id 38:62:35:70:d6:ff:aa:ed seqno 58555 age 0 via wg0 neigh fe80::5cf5:5c61 (installed)
fd01:1234:1234:1234:4534:7b6f:5cf5:5c61/128 metric 258 (20752) price 15 refmetric 0 rtt 0.000 id 38:62:35:70:d6:ff:aa:ed seqno 58555 age 0 via wg0 neigh fe80::5cf5:5c61 (installed)
fd01:1234:1234:1234:6494:b3aa:e17d:1657/128 metric 258 (24062) price 15 refmetric 0 rtt 0.000 id 38:62:35:70:d6:ff:aa:ed seqno 58555 age 0 via wg0 neigh fe80::5cf5:5c61 (installed)

My id b0:88:ad:8b:35:b3:8e:75 seqno 21678
Neighbour fe80::5cf5:5c61 dev wg0 reach ffc0 rxcost 256 txcost 258 rtt 0.000 rttcost 0 chan 255.
fd01:1234:1234:1234:8f04:137e:9a1:8b79/128 metric 0 price 5 (exported)
2001::1/128 metric 0 price 5 (exported)
2001::2/128 metric 258 (21704) price 15 refmetric 0 rtt 0.000 id 38:62:35:70:d6:ff:aa:ed seqno 58555 age 0 via wg0 neigh fe80::5cf5:5c61 (installed)
fd01:1234:1234:1234:4534:7b6f:5cf5:5c61/128 metric 258 (20752) price 15 refmetric 0 rtt 0.000 id 38:62:35:70:d6:ff:aa:ed seqno 58555 age 0 via wg0 neigh fe80::5cf5:5c61 (installed)
fd01:1234:1234:1234:6494:b3aa:e17d:1657/128 metric 258 (24062) price 15 refmetric 0 rtt 0.000 id 38:62:35:70:d6:ff:aa:ed seqno 58555 age 0 via wg0 neigh fe80::5cf5:5c61 (installed)

My id b0:88:ad:8b:35:b3:8e:75 seqno 21678
Neighbour fe80::5cf5:5c61 dev wg0 reach ffc0 rxcost 256 txcost 258 rtt 0.000 rttcost 0 chan 255.
fd01:1234:1234:1234:8f04:137e:9a1:8b79/128 metric 0 price 5 (exported)
2001::1/128 metric 0 price 5 (exported)
2001::2/128 metric 258 (21704) price 15 refmetric 0 rtt 0.000 id 38:62:35:70:d6:ff:aa:ed seqno 58555 age 0 via wg0 neigh fe80::5cf5:5c61 (installed)
fd01:1234:1234:1234:4534:7b6f:5cf5:5c61/128 metric 258 (20752) price 15 refmetric 0 rtt 0.000 id 38:62:35:70:d6:ff:aa:ed seqno 58555 age 0 via wg0 neigh fe80::5cf5:5c61 (installed)
fd01:1234:1234:1234:6494:b3aa:e17d:1657/128 metric 258 (24062) price 15 refmetric 0 rtt 0.000 id 38:62:35:70:d6:ff:aa:ed seqno 58555 age 0 via wg0 neigh fe80::5cf5:5c61 (installed)
I just sent a full path rtt subtlv with val 0.000!
I just sent a full path rtt subtlv with val 0.000!

My id b0:88:ad:8b:35:b3:8e:75 seqno 21678
Neighbour fe80::5cf5:5c61 dev wg0 reach ffc0 rxcost 256 txcost 258 rtt 0.000 rttcost 0 chan 255.
fd01:1234:1234:1234:8f04:137e:9a1:8b79/128 metric 0 price 5 (exported)
2001::1/128 metric 0 price 5 (exported)
2001::2/128 metric 258 (18377) price 15 refmetric 0 rtt 0.000 id 38:62:35:70:d6:ff:aa:ed seqno 58555 age 1 via wg0 neigh fe80::5cf5:5c61 (installed)
fd01:1234:1234:1234:4534:7b6f:5cf5:5c61/128 metric 258 (17766) price 15 refmetric 0 rtt 0.000 id 38:62:35:70:d6:ff:aa:ed seqno 58555 age 1 via wg0 neigh fe80::5cf5:5c61 (installed)
fd01:1234:1234:1234:6494:b3aa:e17d:1657/128 metric 258 (20509) price 15 refmetric 0 rtt 0.000 id 38:62:35:70:d6:ff:aa:ed seqno 58555 age 1 via wg0 neigh fe80::5cf5:5c61 (installed)
About to enter subtlv parsting loop if 0 < -2
About to enter subtlv parsting loop if 0 < -2

My id b0:88:ad:8b:35:b3:8e:75 seqno 21678
Neighbour fe80::5cf5:5c61 dev wg0 reach ffc0 rxcost 256 txcost 258 rtt 0.000 rttcost 0 chan 255.
fd01:1234:1234:1234:8f04:137e:9a1:8b79/128 metric 0 price 5 (exported)
2001::1/128 metric 0 price 5 (exported)
2001::2/128 metric 258 (18377) price 15 refmetric 0 rtt 0.000 id 38:62:35:70:d6:ff:aa:ed seqno 58555 age 1 via wg0 neigh fe80::5cf5:5c61 (installed)
2001::3/128 metric 1281 (32767) price 20 refmetric 1023 rtt 3.432 id 88:82:cc:e1:91:16:6b:aa seqno 48514 age 0 via wg0 neigh fe80::5cf5:5c61 (installed)
fd01:1234:1234:1234:4534:7b6f:5cf5:5c61/128 metric 258 (17766) price 15 refmetric 0 rtt 0.000 id 38:62:35:70:d6:ff:aa:ed seqno 58555 age 1 via wg0 neigh fe80::5cf5:5c61 (installed)
fd01:1234:1234:1234:6494:b3aa:e17d:1657/128 metric 258 (20509) price 15 refmetric 0 rtt 0.000 id 38:62:35:70:d6:ff:aa:ed seqno 58555 age 1 via wg0 neigh fe80::5cf5:5c61 (installed)
fd01:1234:1234:1234:f21c:73b8:d275:16ae/128 metric 1281 (32767) price 20 refmetric 1023 rtt 3.432 id 88:82:cc:e1:91:16:6b:aa seqno 48514 age 0 via wg0 neigh fe80::5cf5:5c61 (installed)

My id b0:88:ad:8b:35:b3:8e:75 seqno 21678
Neighbour fe80::5cf5:5c61 dev wg0 reach ffc0 rxcost 256 txcost 258 rtt 0.000 rttcost 0 chan 255.
fd01:1234:1234:1234:8f04:137e:9a1:8b79/128 metric 0 price 5 (exported)
2001::1/128 metric 0 price 5 (exported)
2001::2/128 metric 258 (18377) price 15 refmetric 0 rtt 0.000 id 38:62:35:70:d6:ff:aa:ed seqno 58555 age 1 via wg0 neigh fe80::5cf5:5c61 (installed)
2001::3/128 metric 1281 (32767) price 20 refmetric 1023 rtt 3.432 id 88:82:cc:e1:91:16:6b:aa seqno 48514 age 0 via wg0 neigh fe80::5cf5:5c61 (installed)
fd01:1234:1234:1234:4534:7b6f:5cf5:5c61/128 metric 258 (17766) price 15 refmetric 0 rtt 0.000 id 38:62:35:70:d6:ff:aa:ed seqno 58555 age 1 via wg0 neigh fe80::5cf5:5c61 (installed)
fd01:1234:1234:1234:6494:b3aa:e17d:1657/128 metric 258 (20509) price 15 refmetric 0 rtt 0.000 id 38:62:35:70:d6:ff:aa:ed seqno 58555 age 1 via wg0 neigh fe80::5cf5:5c61 (installed)
fd01:1234:1234:1234:f21c:73b8:d275:16ae/128 metric 1281 (32767) price 20 refmetric 1023 rtt 3.432 id 88:82:cc:e1:91:16:6b:aa seqno 48514 age 0 via wg0 neigh fe80::5cf5:5c61 (installed)

My id b0:88:ad:8b:35:b3:8e:75 seqno 21678
Neighbour fe80::5cf5:5c61 dev wg0 reach ffc0 rxcost 256 txcost 258 rtt 0.000 rttcost 0 chan 255.
fd01:1234:1234:1234:8f04:137e:9a1:8b79/128 metric 0 price 5 (exported)
2001::1/128 metric 0 price 5 (exported)
2001::2/128 metric 258 (18377) price 15 refmetric 0 rtt 0.000 id 38:62:35:70:d6:ff:aa:ed seqno 58555 age 1 via wg0 neigh fe80::5cf5:5c61 (installed)
2001::3/128 metric 1281 (32767) price 20 refmetric 1023 rtt 3.432 id 88:82:cc:e1:91:16:6b:aa seqno 48514 age 0 via wg0 neigh fe80::5cf5:5c61 (installed)
fd01:1234:1234:1234:4534:7b6f:5cf5:5c61/128 metric 258 (17766) price 15 refmetric 0 rtt 0.000 id 38:62:35:70:d6:ff:aa:ed seqno 58555 age 1 via wg0 neigh fe80::5cf5:5c61 (installed)
fd01:1234:1234:1234:6494:b3aa:e17d:1657/128 metric 258 (20509) price 15 refmetric 0 rtt 0.000 id 38:62:35:70:d6:ff:aa:ed seqno 58555 age 1 via wg0 neigh fe80::5cf5:5c61 (installed)
fd01:1234:1234:1234:f21c:73b8:d275:16ae/128 metric 1281 (32767) price 20 refmetric 1023 rtt 3.432 id 88:82:cc:e1:91:16:6b:aa seqno 48514 age 0 via wg0 neigh fe80::5cf5:5c61 (installed)
I just sent a full path rtt subtlv with val 3.432!
I just sent a full path rtt subtlv with val 3.432!

My id b0:88:ad:8b:35:b3:8e:75 seqno 21678
Neighbour fe80::5cf5:5c61 dev wg0 reach ffc0 rxcost 256 txcost 258 rtt 0.000 rttcost 0 chan 255.
fd01:1234:1234:1234:8f04:137e:9a1:8b79/128 metric 0 price 5 (exported)
2001::1/128 metric 0 price 5 (exported)
2001::2/128 metric 258 (18377) price 15 refmetric 0 rtt 0.000 id 38:62:35:70:d6:ff:aa:ed seqno 58555 age 1 via wg0 neigh fe80::5cf5:5c61 (installed)
2001::3/128 metric 1281 (32767) price 20 refmetric 1023 rtt 3.432 id 88:82:cc:e1:91:16:6b:aa seqno 48514 age 0 via wg0 neigh fe80::5cf5:5c61 (installed)
fd01:1234:1234:1234:4534:7b6f:5cf5:5c61/128 metric 258 (17766) price 15 refmetric 0 rtt 0.000 id 38:62:35:70:d6:ff:aa:ed seqno 58555 age 1 via wg0 neigh fe80::5cf5:5c61 (installed)
fd01:1234:1234:1234:6494:b3aa:e17d:1657/128 metric 258 (20509) price 15 refmetric 0 rtt 0.000 id 38:62:35:70:d6:ff:aa:ed seqno 58555 age 1 via wg0 neigh fe80::5cf5:5c61 (installed)
fd01:1234:1234:1234:f21c:73b8:d275:16ae/128 metric 1281 (32767) price 20 refmetric 1023 rtt 3.432 id 88:82:cc:e1:91:16:6b:aa seqno 48514 age 0 via wg0 neigh fe80::5cf5:5c61 (installed)

My id b0:88:ad:8b:35:b3:8e:75 seqno 21678
Neighbour fe80::5cf5:5c61 dev wg0 reach ffc0 rxcost 256 txcost 258 rtt 0.000 rttcost 0 chan 255.
fd01:1234:1234:1234:8f04:137e:9a1:8b79/128 metric 0 price 5 (exported)
2001::1/128 metric 0 price 5 (exported)
2001::2/128 metric 258 (18377) price 15 refmetric 0 rtt 0.000 id 38:62:35:70:d6:ff:aa:ed seqno 58555 age 1 via wg0 neigh fe80::5cf5:5c61 (installed)
2001::3/128 metric 1281 (32767) price 20 refmetric 1023 rtt 3.432 id 88:82:cc:e1:91:16:6b:aa seqno 48514 age 0 via wg0 neigh fe80::5cf5:5c61 (installed)
fd01:1234:1234:1234:4534:7b6f:5cf5:5c61/128 metric 258 (17766) price 15 refmetric 0 rtt 0.000 id 38:62:35:70:d6:ff:aa:ed seqno 58555 age 1 via wg0 neigh fe80::5cf5:5c61 (installed)
fd01:1234:1234:1234:6494:b3aa:e17d:1657/128 metric 258 (20509) price 15 refmetric 0 rtt 0.000 id 38:62:35:70:d6:ff:aa:ed seqno 58555 age 1 via wg0 neigh fe80::5cf5:5c61 (installed)
fd01:1234:1234:1234:f21c:73b8:d275:16ae/128 metric 1281 (32767) price 20 refmetric 1023 rtt 3.432 id 88:82:cc:e1:91:16:6b:aa seqno 48514 age 0 via wg0 neigh fe80::5cf5:5c61 (installed)

My id b0:88:ad:8b:35:b3:8e:75 seqno 21678
Neighbour fe80::5cf5:5c61 dev wg0 reach ffe0 rxcost 256 txcost 258 rtt 0.000 rttcost 0 chan 255.
fd01:1234:1234:1234:8f04:137e:9a1:8b79/128 metric 0 price 5 (exported)
2001::1/128 metric 0 price 5 (exported)
2001::2/128 metric 258 (18377) price 15 refmetric 0 rtt 0.000 id 38:62:35:70:d6:ff:aa:ed seqno 58555 age 1 via wg0 neigh fe80::5cf5:5c61 (installed)
2001::3/128 metric 1281 (32767) price 20 refmetric 1023 rtt 3.432 id 88:82:cc:e1:91:16:6b:aa seqno 48514 age 0 via wg0 neigh fe80::5cf5:5c61 (installed)
fd01:1234:1234:1234:4534:7b6f:5cf5:5c61/128 metric 258 (17766) price 15 refmetric 0 rtt 0.000 id 38:62:35:70:d6:ff:aa:ed seqno 58555 age 1 via wg0 neigh fe80::5cf5:5c61 (installed)
fd01:1234:1234:1234:6494:b3aa:e17d:1657/128 metric 258 (20509) price 15 refmetric 0 rtt 0.000 id 38:62:35:70:d6:ff:aa:ed seqno 58555 age 1 via wg0 neigh fe80::5cf5:5c61 (installed)
fd01:1234:1234:1234:f21c:73b8:d275:16ae/128 metric 1281 (32767) price 20 refmetric 1023 rtt 3.432 id 88:82:cc:e1:91:16:6b:aa seqno 48514 age 0 via wg0 neigh fe80::5cf5:5c61 (installed)

My id b0:88:ad:8b:35:b3:8e:75 seqno 21678
Neighbour fe80::5cf5:5c61 dev wg0 reach ffe0 rxcost 256 txcost 258 rtt 0.000 rttcost 0 chan 255.
fd01:1234:1234:1234:8f04:137e:9a1:8b79/128 metric 0 price 5 (exported)
2001::1/128 metric 0 price 5 (exported)
2001::2/128 metric 258 (18377) price 15 refmetric 0 rtt 0.000 id 38:62:35:70:d6:ff:aa:ed seqno 58555 age 1 via wg0 neigh fe80::5cf5:5c61 (installed)
2001::3/128 metric 1281 (32767) price 20 refmetric 1023 rtt 3.432 id 88:82:cc:e1:91:16:6b:aa seqno 48514 age 0 via wg0 neigh fe80::5cf5:5c61 (installed)
fd01:1234:1234:1234:4534:7b6f:5cf5:5c61/128 metric 258 (17766) price 15 refmetric 0 rtt 0.000 id 38:62:35:70:d6:ff:aa:ed seqno 58555 age 1 via wg0 neigh fe80::5cf5:5c61 (installed)
fd01:1234:1234:1234:6494:b3aa:e17d:1657/128 metric 258 (20509) price 15 refmetric 0 rtt 0.000 id 38:62:35:70:d6:ff:aa:ed seqno 58555 age 1 via wg0 neigh fe80::5cf5:5c61 (installed)
fd01:1234:1234:1234:f21c:73b8:d275:16ae/128 metric 1281 (32767) price 20 refmetric 1023 rtt 3.432 id 88:82:cc:e1:91:16:6b:aa seqno 48514 age 0 via wg0 neigh fe80::5cf5:5c61 (installed)

My id b0:88:ad:8b:35:b3:8e:75 seqno 21678
Neighbour fe80::5cf5:5c61 dev wg0 reach ffe0 rxcost 256 txcost 258 rtt 0.000 rttcost 0 chan 255.
fd01:1234:1234:1234:8f04:137e:9a1:8b79/128 metric 0 price 5 (exported)
2001::1/128 metric 0 price 5 (exported)
2001::2/128 metric 258 (18377) price 15 refmetric 0 rtt 0.000 id 38:62:35:70:d6:ff:aa:ed seqno 58555 age 1 via wg0 neigh fe80::5cf5:5c61 (installed)
2001::3/128 metric 1281 (32767) price 20 refmetric 1023 rtt 3.432 id 88:82:cc:e1:91:16:6b:aa seqno 48514 age 0 via wg0 neigh fe80::5cf5:5c61 (installed)
fd01:1234:1234:1234:4534:7b6f:5cf5:5c61/128 metric 258 (17766) price 15 refmetric 0 rtt 0.000 id 38:62:35:70:d6:ff:aa:ed seqno 58555 age 1 via wg0 neigh fe80::5cf5:5c61 (installed)
fd01:1234:1234:1234:6494:b3aa:e17d:1657/128 metric 258 (20509) price 15 refmetric 0 rtt 0.000 id 38:62:35:70:d6:ff:aa:ed seqno 58555 age 1 via wg0 neigh fe80::5cf5:5c61 (installed)
fd01:1234:1234:1234:f21c:73b8:d275:16ae/128 metric 1281 (32767) price 20 refmetric 1023 rtt 3.432 id 88:82:cc:e1:91:16:6b:aa seqno 48514 age 0 via wg0 neigh fe80::5cf5:5c61 (installed)

My id b0:88:ad:8b:35:b3:8e:75 seqno 21678
Neighbour fe80::5cf5:5c61 dev wg0 reach ffe0 rxcost 256 txcost 258 rtt 0.000 rttcost 0 chan 255.
fd01:1234:1234:1234:8f04:137e:9a1:8b79/128 metric 0 price 5 (exported)
2001::1/128 metric 0 price 5 (exported)
2001::2/128 metric 258 (18377) price 15 refmetric 0 rtt 0.000 id 38:62:35:70:d6:ff:aa:ed seqno 58555 age 1 via wg0 neigh fe80::5cf5:5c61 (installed)
2001::3/128 metric 1281 (32767) price 20 refmetric 1023 rtt 3.432 id 88:82:cc:e1:91:16:6b:aa seqno 48514 age 0 via wg0 neigh fe80::5cf5:5c61 (installed)
fd01:1234:1234:1234:4534:7b6f:5cf5:5c61/128 metric 258 (17766) price 15 refmetric 0 rtt 0.000 id 38:62:35:70:d6:ff:aa:ed seqno 58555 age 1 via wg0 neigh fe80::5cf5:5c61 (installed)
fd01:1234:1234:1234:6494:b3aa:e17d:1657/128 metric 258 (20509) price 15 refmetric 0 rtt 0.000 id 38:62:35:70:d6:ff:aa:ed seqno 58555 age 1 via wg0 neigh fe80::5cf5:5c61 (installed)
fd01:1234:1234:1234:f21c:73b8:d275:16ae/128 metric 1281 (32767) price 20 refmetric 1023 rtt 3.432 id 88:82:cc:e1:91:16:6b:aa seqno 48514 age 0 via wg0 neigh fe80::5cf5:5c61 (installed)

My id b0:88:ad:8b:35:b3:8e:75 seqno 21678
Neighbour fe80::5cf5:5c61 dev wg0 reach fff0 rxcost 256 txcost 256 rtt 0.000 rttcost 0 chan 255.
fd01:1234:1234:1234:8f04:137e:9a1:8b79/128 metric 0 price 5 (exported)
2001::1/128 metric 0 price 5 (exported)
2001::2/128 metric 256 (15751) price 15 refmetric 0 rtt 0.000 id 38:62:35:70:d6:ff:aa:ed seqno 58555 age 2 via wg0 neigh fe80::5cf5:5c61 (installed)
2001::3/128 metric 1279 (26298) price 20 refmetric 1023 rtt 3.432 id 88:82:cc:e1:91:16:6b:aa seqno 48514 age 1 via wg0 neigh fe80::5cf5:5c61 (installed)
fd01:1234:1234:1234:4534:7b6f:5cf5:5c61/128 metric 256 (13987) price 15 refmetric 0 rtt 0.000 id 38:62:35:70:d6:ff:aa:ed seqno 58555 age 2 via wg0 neigh fe80::5cf5:5c61 (installed)
fd01:1234:1234:1234:6494:b3aa:e17d:1657/128 metric 256 (17456) price 15 refmetric 0 rtt 0.000 id 38:62:35:70:d6:ff:aa:ed seqno 58555 age 2 via wg0 neigh fe80::5cf5:5c61 (installed)
fd01:1234:1234:1234:f21c:73b8:d275:16ae/128 metric 1279 (26272) price 20 refmetric 1023 rtt 3.432 id 88:82:cc:e1:91:16:6b:aa seqno 48514 age 1 via wg0 neigh fe80::5cf5:5c61 (installed)

My id b0:88:ad:8b:35:b3:8e:75 seqno 21678
Neighbour fe80::5cf5:5c61 dev wg0 reach fff0 rxcost 256 txcost 256 rtt 0.000 rttcost 0 chan 255.
fd01:1234:1234:1234:8f04:137e:9a1:8b79/128 metric 0 price 5 (exported)
2001::1/128 metric 0 price 5 (exported)
2001::2/128 metric 256 (15751) price 15 refmetric 0 rtt 0.000 id 38:62:35:70:d6:ff:aa:ed seqno 58555 age 2 via wg0 neigh fe80::5cf5:5c61 (installed)
2001::3/128 metric 1279 (26298) price 20 refmetric 1023 rtt 3.432 id 88:82:cc:e1:91:16:6b:aa seqno 48514 age 1 via wg0 neigh fe80::5cf5:5c61 (installed)
fd01:1234:1234:1234:4534:7b6f:5cf5:5c61/128 metric 256 (13987) price 15 refmetric 0 rtt 0.000 id 38:62:35:70:d6:ff:aa:ed seqno 58555 age 2 via wg0 neigh fe80::5cf5:5c61 (installed)
fd01:1234:1234:1234:6494:b3aa:e17d:1657/128 metric 256 (17456) price 15 refmetric 0 rtt 0.000 id 38:62:35:70:d6:ff:aa:ed seqno 58555 age 2 via wg0 neigh fe80::5cf5:5c61 (installed)
fd01:1234:1234:1234:f21c:73b8:d275:16ae/128 metric 1279 (26272) price 20 refmetric 1023 rtt 3.432 id 88:82:cc:e1:91:16:6b:aa seqno 48514 age 1 via wg0 neigh fe80::5cf5:5c61 (installed)

My id b0:88:ad:8b:35:b3:8e:75 seqno 21678
Neighbour fe80::5cf5:5c61 dev wg0 reach fff0 rxcost 256 txcost 256 rtt 0.000 rttcost 0 chan 255.
fd01:1234:1234:1234:8f04:137e:9a1:8b79/128 metric 0 price 5 (exported)
2001::1/128 metric 0 price 5 (exported)
2001::2/128 metric 256 (15751) price 15 refmetric 0 rtt 0.000 id 38:62:35:70:d6:ff:aa:ed seqno 58555 age 2 via wg0 neigh fe80::5cf5:5c61 (installed)
2001::3/128 metric 1279 (26298) price 20 refmetric 1023 rtt 3.432 id 88:82:cc:e1:91:16:6b:aa seqno 48514 age 1 via wg0 neigh fe80::5cf5:5c61 (installed)
fd01:1234:1234:1234:4534:7b6f:5cf5:5c61/128 metric 256 (13987) price 15 refmetric 0 rtt 0.000 id 38:62:35:70:d6:ff:aa:ed seqno 58555 age 2 via wg0 neigh fe80::5cf5:5c61 (installed)
fd01:1234:1234:1234:6494:b3aa:e17d:1657/128 metric 256 (17456) price 15 refmetric 0 rtt 0.000 id 38:62:35:70:d6:ff:aa:ed seqno 58555 age 2 via wg0 neigh fe80::5cf5:5c61 (installed)
fd01:1234:1234:1234:f21c:73b8:d275:16ae/128 metric 1279 (26272) price 20 refmetric 1023 rtt 3.432 id 88:82:cc:e1:91:16:6b:aa seqno 48514 age 1 via wg0 neigh fe80::5cf5:5c61 (installed)

My id b0:88:ad:8b:35:b3:8e:75 seqno 21678
Neighbour fe80::5cf5:5c61 dev wg0 reach fff0 rxcost 256 txcost 256 rtt 0.000 rttcost 0 chan 255.
fd01:1234:1234:1234:8f04:137e:9a1:8b79/128 metric 0 price 5 (exported)
2001::1/128 metric 0 price 5 (exported)
2001::2/128 metric 256 (12793) price 15 refmetric 0 rtt 0.000 id 38:62:35:70:d6:ff:aa:ed seqno 58555 age 3 via wg0 neigh fe80::5cf5:5c61 (installed)
2001::3/128 metric 1279 (21822) price 20 refmetric 1023 rtt 3.432 id 88:82:cc:e1:91:16:6b:aa seqno 48514 age 2 via wg0 neigh fe80::5cf5:5c61 (installed)
fd01:1234:1234:1234:4534:7b6f:5cf5:5c61/128 metric 256 (10810) price 15 refmetric 0 rtt 0.000 id 38:62:35:70:d6:ff:aa:ed seqno 58555 age 3 via wg0 neigh fe80::5cf5:5c61 (installed)
fd01:1234:1234:1234:6494:b3aa:e17d:1657/128 metric 256 (14237) price 15 refmetric 0 rtt 0.000 id 38:62:35:70:d6:ff:aa:ed seqno 58555 age 3 via wg0 neigh fe80::5cf5:5c61 (installed)
fd01:1234:1234:1234:f21c:73b8:d275:16ae/128 metric 1279 (22044) price 20 refmetric 1023 rtt 3.432 id 88:82:cc:e1:91:16:6b:aa seqno 48514 age 2 via wg0 neigh fe80::5cf5:5c61 (installed)

My id b0:88:ad:8b:35:b3:8e:75 seqno 21678
Neighbour fe80::5cf5:5c61 dev wg0 reach fff8 rxcost 256 txcost 256 rtt 0.000 rttcost 0 chan 255.
fd01:1234:1234:1234:8f04:137e:9a1:8b79/128 metric 0 price 5 (exported)
2001::1/128 metric 0 price 5 (exported)
2001::2/128 metric 256 (12793) price 15 refmetric 0 rtt 0.000 id 38:62:35:70:d6:ff:aa:ed seqno 58555 age 3 via wg0 neigh fe80::5cf5:5c61 (installed)
2001::3/128 metric 1279 (21822) price 20 refmetric 1023 rtt 3.432 id 88:82:cc:e1:91:16:6b:aa seqno 48514 age 2 via wg0 neigh fe80::5cf5:5c61 (installed)
fd01:1234:1234:1234:4534:7b6f:5cf5:5c61/128 metric 256 (10810) price 15 refmetric 0 rtt 0.000 id 38:62:35:70:d6:ff:aa:ed seqno 58555 age 3 via wg0 neigh fe80::5cf5:5c61 (installed)
fd01:1234:1234:1234:6494:b3aa:e17d:1657/128 metric 256 (14237) price 15 refmetric 0 rtt 0.000 id 38:62:35:70:d6:ff:aa:ed seqno 58555 age 3 via wg0 neigh fe80::5cf5:5c61 (installed)
fd01:1234:1234:1234:f21c:73b8:d275:16ae/128 metric 1279 (22044) price 20 refmetric 1023 rtt 3.432 id 88:82:cc:e1:91:16:6b:aa seqno 48514 age 2 via wg0 neigh fe80::5cf5:5c61 (installed)

My id b0:88:ad:8b:35:b3:8e:75 seqno 21678
Neighbour fe80::5cf5:5c61 dev wg0 reach fff8 rxcost 256 txcost 256 rtt 0.000 rttcost 0 chan 255.
fd01:1234:1234:1234:8f04:137e:9a1:8b79/128 metric 0 price 5 (exported)
2001::1/128 metric 0 price 5 (exported)
2001::2/128 metric 256 (12793) price 15 refmetric 0 rtt 0.000 id 38:62:35:70:d6:ff:aa:ed seqno 58555 age 3 via wg0 neigh fe80::5cf5:5c61 (installed)
2001::3/128 metric 1279 (21822) price 20 refmetric 1023 rtt 3.432 id 88:82:cc:e1:91:16:6b:aa seqno 48514 age 2 via wg0 neigh fe80::5cf5:5c61 (installed)
fd01:1234:1234:1234:4534:7b6f:5cf5:5c61/128 metric 256 (10810) price 15 refmetric 0 rtt 0.000 id 38:62:35:70:d6:ff:aa:ed seqno 58555 age 3 via wg0 neigh fe80::5cf5:5c61 (installed)
fd01:1234:1234:1234:6494:b3aa:e17d:1657/128 metric 256 (14237) price 15 refmetric 0 rtt 0.000 id 38:62:35:70:d6:ff:aa:ed seqno 58555 age 3 via wg0 neigh fe80::5cf5:5c61 (installed)
fd01:1234:1234:1234:f21c:73b8:d275:16ae/128 metric 1279 (22044) price 20 refmetric 1023 rtt 3.432 id 88:82:cc:e1:91:16:6b:aa seqno 48514 age 2 via wg0 neigh fe80::5cf5:5c61 (installed)

My id b0:88:ad:8b:35:b3:8e:75 seqno 21678
Neighbour fe80::5cf5:5c61 dev wg0 reach fff8 rxcost 256 txcost 256 rtt 0.000 rttcost 0 chan 255.
fd01:1234:1234:1234:8f04:137e:9a1:8b79/128 metric 0 price 5 (exported)
2001::1/128 metric 0 price 5 (exported)
2001::2/128 metric 256 (10242) price 15 refmetric 0 rtt 0.000 id 38:62:35:70:d6:ff:aa:ed seqno 58555 age 4 via wg0 neigh fe80::5cf5:5c61 (installed)
2001::3/128 metric 1279 (17145) price 20 refmetric 1023 rtt 3.432 id 88:82:cc:e1:91:16:6b:aa seqno 48514 age 3 via wg0 neigh fe80::5cf5:5c61 (installed)
fd01:1234:1234:1234:4534:7b6f:5cf5:5c61/128 metric 256 (9029) price 15 refmetric 0 rtt 0.000 id 38:62:35:70:d6:ff:aa:ed seqno 58555 age 4 via wg0 neigh fe80::5cf5:5c61 (installed)
fd01:1234:1234:1234:6494:b3aa:e17d:1657/128 metric 256 (11765) price 15 refmetric 0 rtt 0.000 id 38:62:35:70:d6:ff:aa:ed seqno 58555 age 4 via wg0 neigh fe80::5cf5:5c61 (installed)
fd01:1234:1234:1234:f21c:73b8:d275:16ae/128 metric 1279 (18172) price 20 refmetric 1023 rtt 3.432 id 88:82:cc:e1:91:16:6b:aa seqno 48514 age 3 via wg0 neigh fe80::5cf5:5c61 (installed)
About to enter subtlv parsting loop if 0 < 4
Hey look at me I've got a path rtt subtlv with value 0.000
About to enter subtlv parsting loop if 0 < 4
Hey look at me I've got a path rtt subtlv with value 0.000
About to enter subtlv parsting loop if 0 < 4
Hey look at me I've got a path rtt subtlv with value 0.000
About to enter subtlv parsting loop if 0 < -2
About to enter subtlv parsting loop if 0 < -2
About to enter subtlv parsting loop if 0 < -2
About to enter subtlv parsting loop if 0 < -2

My id b0:88:ad:8b:35:b3:8e:75 seqno 21678
Neighbour fe80::5cf5:5c61 dev wg0 reach fffc rxcost 256 txcost 256 rtt 0.000 rttcost 0 chan 255.
fd01:1234:1234:1234:8f04:137e:9a1:8b79/128 metric 0 price 5 (exported)
2001::1/128 metric 0 price 5 (exported)
2001::2/128 metric 256 (10242) price 15 refmetric 0 rtt 0.000 id 38:62:35:70:d6:ff:aa:ed seqno 58555 age 0 via wg0 neigh fe80::5cf5:5c61 (installed)
2001::3/128 metric 512 (17145) price 20 refmetric 256 rtt 3.432 id 88:82:cc:e1:91:16:6b:aa seqno 48514 chan (255) age 0 via wg0 neigh fe80::5cf5:5c61 (installed)
fd01:1234:1234:1234:4534:7b6f:5cf5:5c61/128 metric 256 (9029) price 15 refmetric 0 rtt 0.000 id 38:62:35:70:d6:ff:aa:ed seqno 58555 age 0 via wg0 neigh fe80::5cf5:5c61 (installed)
fd01:1234:1234:1234:6494:b3aa:e17d:1657/128 metric 256 (11765) price 15 refmetric 0 rtt 0.000 id 38:62:35:70:d6:ff:aa:ed seqno 58555 age 0 via wg0 neigh fe80::5cf5:5c61 (installed)
fd01:1234:1234:1234:f21c:73b8:d275:16ae/128 metric 512 (18172) price 20 refmetric 256 rtt 3.432 id 88:82:cc:e1:91:16:6b:aa seqno 48514 chan (255) age 0 via wg0 neigh fe80::5cf5:5c61 (installed)

My id b0:88:ad:8b:35:b3:8e:75 seqno 21678
Neighbour fe80::5cf5:5c61 dev wg0 reach fffc rxcost 256 txcost 256 rtt 0.000 rttcost 0 chan 255.
fd01:1234:1234:1234:8f04:137e:9a1:8b79/128 metric 0 price 5 (exported)
2001::1/128 metric 0 price 5 (exported)
2001::2/128 metric 256 (10242) price 15 refmetric 0 rtt 0.000 id 38:62:35:70:d6:ff:aa:ed seqno 58555 age 0 via wg0 neigh fe80::5cf5:5c61 (installed)
2001::3/128 metric 512 (17145) price 20 refmetric 256 rtt 3.432 id 88:82:cc:e1:91:16:6b:aa seqno 48514 chan (255) age 0 via wg0 neigh fe80::5cf5:5c61 (installed)
fd01:1234:1234:1234:4534:7b6f:5cf5:5c61/128 metric 256 (9029) price 15 refmetric 0 rtt 0.000 id 38:62:35:70:d6:ff:aa:ed seqno 58555 age 0 via wg0 neigh fe80::5cf5:5c61 (installed)
fd01:1234:1234:1234:6494:b3aa:e17d:1657/128 metric 256 (11765) price 15 refmetric 0 rtt 0.000 id 38:62:35:70:d6:ff:aa:ed seqno 58555 age 0 via wg0 neigh fe80::5cf5:5c61 (installed)
fd01:1234:1234:1234:f21c:73b8:d275:16ae/128 metric 512 (18172) price 20 refmetric 256 rtt 3.432 id 88:82:cc:e1:91:16:6b:aa seqno 48514 chan (255) age 0 via wg0 neigh fe80::5cf5:5c61 (installed)

My id b0:88:ad:8b:35:b3:8e:75 seqno 21678
Neighbour fe80::5cf5:5c61 dev wg0 reach fffc rxcost 256 txcost 256 rtt 0.000 rttcost 0 chan 255.
fd01:1234:1234:1234:8f04:137e:9a1:8b79/128 metric 0 price 5 (exported)
2001::1/128 metric 0 price 5 (exported)
2001::2/128 metric 256 (7961) price 15 refmetric 0 rtt 0.000 id 38:62:35:70:d6:ff:aa:ed seqno 58555 age 1 via wg0 neigh fe80::5cf5:5c61 (installed)
2001::3/128 metric 512 (14414) price 20 refmetric 256 rtt 3.432 id 88:82:cc:e1:91:16:6b:aa seqno 48514 chan (255) age 1 via wg0 neigh fe80::5cf5:5c61 (installed)
fd01:1234:1234:1234:4534:7b6f:5cf5:5c61/128 metric 256 (7524) price 15 refmetric 0 rtt 0.000 id 38:62:35:70:d6:ff:aa:ed seqno 58555 age 1 via wg0 neigh fe80::5cf5:5c61 (installed)
fd01:1234:1234:1234:6494:b3aa:e17d:1657/128 metric 256 (9897) price 15 refmetric 0 rtt 0.000 id 38:62:35:70:d6:ff:aa:ed seqno 58555 age 1 via wg0 neigh fe80::5cf5:5c61 (installed)
fd01:1234:1234:1234:f21c:73b8:d275:16ae/128 metric 512 (14411) price 20 refmetric 256 rtt 3.432 id 88:82:cc:e1:91:16:6b:aa seqno 48514 chan (255) age 1 via wg0 neigh fe80::5cf5:5c61 (installed)

My id b0:88:ad:8b:35:b3:8e:75 seqno 21678
Neighbour fe80::5cf5:5c61 dev wg0 reach fffe rxcost 256 txcost 256 rtt 0.000 rttcost 0 chan 255.
fd01:1234:1234:1234:8f04:137e:9a1:8b79/128 metric 0 price 5 (exported)
2001::1/128 metric 0 price 5 (exported)
2001::2/128 metric 256 (7961) price 15 refmetric 0 rtt 0.000 id 38:62:35:70:d6:ff:aa:ed seqno 58555 age 1 via wg0 neigh fe80::5cf5:5c61 (installed)
2001::3/128 metric 512 (14414) price 20 refmetric 256 rtt 3.432 id 88:82:cc:e1:91:16:6b:aa seqno 48514 chan (255) age 1 via wg0 neigh fe80::5cf5:5c61 (installed)
fd01:1234:1234:1234:4534:7b6f:5cf5:5c61/128 metric 256 (7524) price 15 refmetric 0 rtt 0.000 id 38:62:35:70:d6:ff:aa:ed seqno 58555 age 1 via wg0 neigh fe80::5cf5:5c61 (installed)
fd01:1234:1234:1234:6494:b3aa:e17d:1657/128 metric 256 (9897) price 15 refmetric 0 rtt 0.000 id 38:62:35:70:d6:ff:aa:ed seqno 58555 age 1 via wg0 neigh fe80::5cf5:5c61 (installed)
fd01:1234:1234:1234:f21c:73b8:d275:16ae/128 metric 512 (14411) price 20 refmetric 256 rtt 3.432 id 88:82:cc:e1:91:16:6b:aa seqno 48514 chan (255) age 1 via wg0 neigh fe80::5cf5:5c61 (installed)

My id b0:88:ad:8b:35:b3:8e:75 seqno 21678
Neighbour fe80::5cf5:5c61 dev wg0 reach fffe rxcost 256 txcost 256 rtt 0.000 rttcost 0 chan 255.
fd01:1234:1234:1234:8f04:137e:9a1:8b79/128 metric 0 price 5 (exported)
2001::1/128 metric 0 price 5 (exported)
2001::2/128 metric 256 (7961) price 15 refmetric 0 rtt 0.000 id 38:62:35:70:d6:ff:aa:ed seqno 58555 age 1 via wg0 neigh fe80::5cf5:5c61 (installed)
2001::3/128 metric 512 (14414) price 20 refmetric 256 rtt 3.432 id 88:82:cc:e1:91:16:6b:aa seqno 48514 chan (255) age 1 via wg0 neigh fe80::5cf5:5c61 (installed)
fd01:1234:1234:1234:4534:7b6f:5cf5:5c61/128 metric 256 (7524) price 15 refmetric 0 rtt 0.000 id 38:62:35:70:d6:ff:aa:ed seqno 58555 age 1 via wg0 neigh fe80::5cf5:5c61 (installed)
fd01:1234:1234:1234:6494:b3aa:e17d:1657/128 metric 256 (9897) price 15 refmetric 0 rtt 0.000 id 38:62:35:70:d6:ff:aa:ed seqno 58555 age 1 via wg0 neigh fe80::5cf5:5c61 (installed)
fd01:1234:1234:1234:f21c:73b8:d275:16ae/128 metric 512 (14411) price 20 refmetric 256 rtt 3.432 id 88:82:cc:e1:91:16:6b:aa seqno 48514 chan (255) age 1 via wg0 neigh fe80::5cf5:5c61 (installed)

My id b0:88:ad:8b:35:b3:8e:75 seqno 21678
Neighbour fe80::5cf5:5c61 dev wg0 reach fffe rxcost 256 txcost 256 rtt 0.000 rttcost 0 chan 255.
fd01:1234:1234:1234:8f04:137e:9a1:8b79/128 metric 0 price 5 (exported)
2001::1/128 metric 0 price 5 (exported)
2001::2/128 metric 256 (7961) price 15 refmetric 0 rtt 0.000 id 38:62:35:70:d6:ff:aa:ed seqno 58555 age 1 via wg0 neigh fe80::5cf5:5c61 (installed)
2001::3/128 metric 512 (14414) price 20 refmetric 256 rtt 3.432 id 88:82:cc:e1:91:16:6b:aa seqno 48514 chan (255) age 1 via wg0 neigh fe80::5cf5:5c61 (installed)
fd01:1234:1234:1234:4534:7b6f:5cf5:5c61/128 metric 256 (7524) price 15 refmetric 0 rtt 0.000 id 38:62:35:70:d6:ff:aa:ed seqno 58555 age 1 via wg0 neigh fe80::5cf5:5c61 (installed)
fd01:1234:1234:1234:6494:b3aa:e17d:1657/128 metric 256 (9897) price 15 refmetric 0 rtt 0.000 id 38:62:35:70:d6:ff:aa:ed seqno 58555 age 1 via wg0 neigh fe80::5cf5:5c61 (installed)
fd01:1234:1234:1234:f21c:73b8:d275:16ae/128 metric 512 (14411) price 20 refmetric 256 rtt 3.432 id 88:82:cc:e1:91:16:6b:aa seqno 48514 chan (255) age 1 via wg0 neigh fe80::5cf5:5c61 (installed)

My id b0:88:ad:8b:35:b3:8e:75 seqno 21678
Neighbour fe80::5cf5:5c61 dev wg0 reach fffe rxcost 256 txcost 256 rtt 0.000 rttcost 0 chan 255.
fd01:1234:1234:1234:8f04:137e:9a1:8b79/128 metric 0 price 5 (exported)
2001::1/128 metric 0 price 5 (exported)
2001::2/128 metric 256 (6307) price 15 refmetric 0 rtt 0.000 id 38:62:35:70:d6:ff:aa:ed seqno 58555 age 2 via wg0 neigh fe80::5cf5:5c61 (installed)
2001::3/128 metric 512 (11438) price 20 refmetric 256 rtt 3.432 id 88:82:cc:e1:91:16:6b:aa seqno 48514 chan (255) age 2 via wg0 neigh fe80::5cf5:5c61 (installed)
fd01:1234:1234:1234:4534:7b6f:5cf5:5c61/128 metric 256 (6263) price 15 refmetric 0 rtt 0.000 id 38:62:35:70:d6:ff:aa:ed seqno 58555 age 2 via wg0 neigh fe80::5cf5:5c61 (installed)
fd01:1234:1234:1234:6494:b3aa:e17d:1657/128 metric 256 (7799) price 15 refmetric 0 rtt 0.000 id 38:62:35:70:d6:ff:aa:ed seqno 58555 age 2 via wg0 neigh fe80::5cf5:5c61 (installed)
fd01:1234:1234:1234:f21c:73b8:d275:16ae/128 metric 512 (12237) price 20 refmetric 256 rtt 3.432 id 88:82:cc:e1:91:16:6b:aa seqno 48514 chan (255) age 2 via wg0 neigh fe80::5cf5:5c61 (installed)

My id b0:88:ad:8b:35:b3:8e:75 seqno 21678
Neighbour fe80::5cf5:5c61 dev wg0 reach ffff rxcost 256 txcost 256 rtt 0.000 rttcost 0 chan 255.
fd01:1234:1234:1234:8f04:137e:9a1:8b79/128 metric 0 price 5 (exported)
2001::1/128 metric 0 price 5 (exported)
2001::2/128 metric 256 (6307) price 15 refmetric 0 rtt 0.000 id 38:62:35:70:d6:ff:aa:ed seqno 58555 age 2 via wg0 neigh fe80::5cf5:5c61 (installed)
2001::3/128 metric 512 (11438) price 20 refmetric 256 rtt 3.432 id 88:82:cc:e1:91:16:6b:aa seqno 48514 chan (255) age 2 via wg0 neigh fe80::5cf5:5c61 (installed)
fd01:1234:1234:1234:4534:7b6f:5cf5:5c61/128 metric 256 (6263) price 15 refmetric 0 rtt 0.000 id 38:62:35:70:d6:ff:aa:ed seqno 58555 age 2 via wg0 neigh fe80::5cf5:5c61 (installed)
fd01:1234:1234:1234:6494:b3aa:e17d:1657/128 metric 256 (7799) price 15 refmetric 0 rtt 0.000 id 38:62:35:70:d6:ff:aa:ed seqno 58555 age 2 via wg0 neigh fe80::5cf5:5c61 (installed)
fd01:1234:1234:1234:f21c:73b8:d275:16ae/128 metric 512 (12237) price 20 refmetric 256 rtt 3.432 id 88:82:cc:e1:91:16:6b:aa seqno 48514 chan (255) age 2 via wg0 neigh fe80::5cf5:5c61 (installed)
I just sent a full path rtt subtlv with val 3.432!
I just sent a full path rtt subtlv with val 3.432!
I just sent a full path rtt subtlv with val 0.000!
I just sent a full path rtt subtlv with val 0.000!

My id b0:88:ad:8b:35:b3:8e:75 seqno 21678
Neighbour fe80::5cf5:5c61 dev wg0 reach ffff rxcost 256 txcost 256 rtt 0.000 rttcost 0 chan 255.
fd01:1234:1234:1234:8f04:137e:9a1:8b79/128 metric 0 price 5 (exported)
2001::1/128 metric 0 price 5 (exported)
2001::2/128 metric 256 (6307) price 15 refmetric 0 rtt 0.000 id 38:62:35:70:d6:ff:aa:ed seqno 58555 age 2 via wg0 neigh fe80::5cf5:5c61 (installed)
2001::3/128 metric 512 (11438) price 20 refmetric 256 rtt 3.432 id 88:82:cc:e1:91:16:6b:aa seqno 48514 chan (255) age 2 via wg0 neigh fe80::5cf5:5c61 (installed)
fd01:1234:1234:1234:4534:7b6f:5cf5:5c61/128 metric 256 (6263) price 15 refmetric 0 rtt 0.000 id 38:62:35:70:d6:ff:aa:ed seqno 58555 age 2 via wg0 neigh fe80::5cf5:5c61 (installed)
fd01:1234:1234:1234:6494:b3aa:e17d:1657/128 metric 256 (7799) price 15 refmetric 0 rtt 0.000 id 38:62:35:70:d6:ff:aa:ed seqno 58555 age 2 via wg0 neigh fe80::5cf5:5c61 (installed)
fd01:1234:1234:1234:f21c:73b8:d275:16ae/128 metric 512 (12237) price 20 refmetric 256 rtt 3.432 id 88:82:cc:e1:91:16:6b:aa seqno 48514 chan (255) age 2 via wg0 neigh fe80::5cf5:5c61 (installed)

My id b0:88:ad:8b:35:b3:8e:75 seqno 21678
Neighbour fe80::5cf5:5c61 dev wg0 reach ffff rxcost 256 txcost 256 rtt 0.000 rttcost 0 chan 255.
fd01:1234:1234:1234:8f04:137e:9a1:8b79/128 metric 0 price 5 (exported)
2001::1/128 metric 0 price 5 (exported)
2001::2/128 metric 256 (6307) price 15 refmetric 0 rtt 0.000 id 38:62:35:70:d6:ff:aa:ed seqno 58555 age 2 via wg0 neigh fe80::5cf5:5c61 (installed)
2001::3/128 metric 512 (11438) price 20 refmetric 256 rtt 3.432 id 88:82:cc:e1:91:16:6b:aa seqno 48514 chan (255) age 2 via wg0 neigh fe80::5cf5:5c61 (installed)
fd01:1234:1234:1234:4534:7b6f:5cf5:5c61/128 metric 256 (6263) price 15 refmetric 0 rtt 0.000 id 38:62:35:70:d6:ff:aa:ed seqno 58555 age 2 via wg0 neigh fe80::5cf5:5c61 (installed)
fd01:1234:1234:1234:6494:b3aa:e17d:1657/128 metric 256 (7799) price 15 refmetric 0 rtt 0.000 id 38:62:35:70:d6:ff:aa:ed seqno 58555 age 2 via wg0 neigh fe80::5cf5:5c61 (installed)
fd01:1234:1234:1234:f21c:73b8:d275:16ae/128 metric 512 (12237) price 20 refmetric 256 rtt 3.432 id 88:82:cc:e1:91:16:6b:aa seqno 48514 chan (255) age 2 via wg0 neigh fe80::5cf5:5c61 (installed)

My id b0:88:ad:8b:35:b3:8e:75 seqno 21678
Neighbour fe80::5cf5:5c61 dev wg0 reach ffff rxcost 256 txcost 256 rtt 0.000 rttcost 0 chan 255.
fd01:1234:1234:1234:8f04:137e:9a1:8b79/128 metric 0 price 5 (exported)
2001::1/128 metric 0 price 5 (exported)
2001::2/128 metric 256 (6307) price 15 refmetric 0 rtt 0.000 id 38:62:35:70:d6:ff:aa:ed seqno 58555 age 2 via wg0 neigh fe80::5cf5:5c61 (installed)
2001::3/128 metric 512 (11438) price 20 refmetric 256 rtt 3.432 id 88:82:cc:e1:91:16:6b:aa seqno 48514 chan (255) age 2 via wg0 neigh fe80::5cf5:5c61 (installed)
fd01:1234:1234:1234:4534:7b6f:5cf5:5c61/128 metric 256 (6263) price 15 refmetric 0 rtt 0.000 id 38:62:35:70:d6:ff:aa:ed seqno 58555 age 2 via wg0 neigh fe80::5cf5:5c61 (installed)
fd01:1234:1234:1234:6494:b3aa:e17d:1657/128 metric 256 (7799) price 15 refmetric 0 rtt 0.000 id 38:62:35:70:d6:ff:aa:ed seqno 58555 age 2 via wg0 neigh fe80::5cf5:5c61 (installed)
fd01:1234:1234:1234:f21c:73b8:d275:16ae/128 metric 512 (12237) price 20 refmetric 256 rtt 3.432 id 88:82:cc:e1:91:16:6b:aa seqno 48514 chan (255) age 2 via wg0 neigh fe80::5cf5:5c61 (installed)

My id b0:88:ad:8b:35:b3:8e:75 seqno 21678
Neighbour fe80::5cf5:5c61 dev wg0 reach ffff rxcost 256 txcost 256 rtt 0.000 rttcost 0 chan 255.
fd01:1234:1234:1234:8f04:137e:9a1:8b79/128 metric 0 price 5 (exported)
2001::1/128 metric 0 price 5 (exported)
2001::2/128 metric 256 (6307) price 15 refmetric 0 rtt 0.000 id 38:62:35:70:d6:ff:aa:ed seqno 58555 age 2 via wg0 neigh fe80::5cf5:5c61 (installed)
2001::3/128 metric 512 (11438) price 20 refmetric 256 rtt 3.432 id 88:82:cc:e1:91:16:6b:aa seqno 48514 chan (255) age 2 via wg0 neigh fe80::5cf5:5c61 (installed)
fd01:1234:1234:1234:4534:7b6f:5cf5:5c61/128 metric 256 (6263) price 15 refmetric 0 rtt 0.000 id 38:62:35:70:d6:ff:aa:ed seqno 58555 age 2 via wg0 neigh fe80::5cf5:5c61 (installed)
fd01:1234:1234:1234:6494:b3aa:e17d:1657/128 metric 256 (7799) price 15 refmetric 0 rtt 0.000 id 38:62:35:70:d6:ff:aa:ed seqno 58555 age 2 via wg0 neigh fe80::5cf5:5c61 (installed)
fd01:1234:1234:1234:f21c:73b8:d275:16ae/128 metric 512 (12237) price 20 refmetric 256 rtt 3.432 id 88:82:cc:e1:91:16:6b:aa seqno 48514 chan (255) age 2 via wg0 neigh fe80::5cf5:5c61 (installed)

My id b0:88:ad:8b:35:b3:8e:75 seqno 21678
Neighbour fe80::5cf5:5c61 dev wg0 reach ffff rxcost 256 txcost 256 rtt 0.000 rttcost 0 chan 255.
fd01:1234:1234:1234:8f04:137e:9a1:8b79/128 metric 0 price 5 (exported)
2001::1/128 metric 0 price 5 (exported)
2001::2/128 metric 256 (5196) price 15 refmetric 0 rtt 0.000 id 38:62:35:70:d6:ff:aa:ed seqno 58555 age 3 via wg0 neigh fe80::5cf5:5c61 (installed)
2001::3/128 metric 512 (9160) price 20 refmetric 256 rtt 3.432 id 88:82:cc:e1:91:16:6b:aa seqno 48514 chan (255) age 3 via wg0 neigh fe80::5cf5:5c61 (installed)
fd01:1234:1234:1234:4534:7b6f:5cf5:5c61/128 metric 256 (5312) price 15 refmetric 0 rtt 0.000 id 38:62:35:70:d6:ff:aa:ed seqno 58555 age 3 via wg0 neigh fe80::5cf5:5c61 (installed)
fd01:1234:1234:1234:6494:b3aa:e17d:1657/128 metric 256 (6356) price 15 refmetric 0 rtt 0.000 id 38:62:35:70:d6:ff:aa:ed seqno 58555 age 3 via wg0 neigh fe80::5cf5:5c61 (installed)
fd01:1234:1234:1234:f21c:73b8:d275:16ae/128 metric 512 (9613) price 20 refmetric 256 rtt 3.432 id 88:82:cc:e1:91:16:6b:aa seqno 48514 chan (255) age 3 via wg0 neigh fe80::5cf5:5c61 (installed)

My id b0:88:ad:8b:35:b3:8e:75 seqno 21678
Neighbour fe80::5cf5:5c61 dev wg0 reach ffff rxcost 256 txcost 256 rtt 0.000 rttcost 0 chan 255.
fd01:1234:1234:1234:8f04:137e:9a1:8b79/128 metric 0 price 5 (exported)
2001::1/128 metric 0 price 5 (exported)
2001::2/128 metric 256 (5196) price 15 refmetric 0 rtt 0.000 id 38:62:35:70:d6:ff:aa:ed seqno 58555 age 3 via wg0 neigh fe80::5cf5:5c61 (installed)
2001::3/128 metric 512 (9160) price 20 refmetric 256 rtt 3.432 id 88:82:cc:e1:91:16:6b:aa seqno 48514 chan (255) age 3 via wg0 neigh fe80::5cf5:5c61 (installed)
fd01:1234:1234:1234:4534:7b6f:5cf5:5c61/128 metric 256 (5312) price 15 refmetric 0 rtt 0.000 id 38:62:35:70:d6:ff:aa:ed seqno 58555 age 3 via wg0 neigh fe80::5cf5:5c61 (installed)
fd01:1234:1234:1234:6494:b3aa:e17d:1657/128 metric 256 (6356) price 15 refmetric 0 rtt 0.000 id 38:62:35:70:d6:ff:aa:ed seqno 58555 age 3 via wg0 neigh fe80::5cf5:5c61 (installed)
fd01:1234:1234:1234:f21c:73b8:d275:16ae/128 metric 512 (9613) price 20 refmetric 256 rtt 3.432 id 88:82:cc:e1:91:16:6b:aa seqno 48514 chan (255) age 3 via wg0 neigh fe80::5cf5:5c61 (installed)

My id b0:88:ad:8b:35:b3:8e:75 seqno 21678
Neighbour fe80::5cf5:5c61 dev wg0 reach ffff rxcost 256 txcost 256 rtt 0.000 rttcost 0 chan 255.
fd01:1234:1234:1234:8f04:137e:9a1:8b79/128 metric 0 price 5 (exported)
2001::1/128 metric 0 price 5 (exported)
2001::2/128 metric 256 (5196) price 15 refmetric 0 rtt 0.000 id 38:62:35:70:d6:ff:aa:ed seqno 58555 age 3 via wg0 neigh fe80::5cf5:5c61 (installed)
2001::3/128 metric 512 (9160) price 20 refmetric 256 rtt 3.432 id 88:82:cc:e1:91:16:6b:aa seqno 48514 chan (255) age 3 via wg0 neigh fe80::5cf5:5c61 (installed)
fd01:1234:1234:1234:4534:7b6f:5cf5:5c61/128 metric 256 (5312) price 15 refmetric 0 rtt 0.000 id 38:62:35:70:d6:ff:aa:ed seqno 58555 age 3 via wg0 neigh fe80::5cf5:5c61 (installed)
fd01:1234:1234:1234:6494:b3aa:e17d:1657/128 metric 256 (6356) price 15 refmetric 0 rtt 0.000 id 38:62:35:70:d6:ff:aa:ed seqno 58555 age 3 via wg0 neigh fe80::5cf5:5c61 (installed)
fd01:1234:1234:1234:f21c:73b8:d275:16ae/128 metric 512 (9613) price 20 refmetric 256 rtt 3.432 id 88:82:cc:e1:91:16:6b:aa seqno 48514 chan (255) age 3 via wg0 neigh fe80::5cf5:5c61 (installed)

My id b0:88:ad:8b:35:b3:8e:75 seqno 21678
Neighbour fe80::5cf5:5c61 dev wg0 reach ffff rxcost 256 txcost 256 rtt 0.000 rttcost 0 chan 255.
fd01:1234:1234:1234:8f04:137e:9a1:8b79/128 metric 0 price 5 (exported)
2001::1/128 metric 0 price 5 (exported)
2001::2/128 metric 256 (5196) price 15 refmetric 0 rtt 0.000 id 38:62:35:70:d6:ff:aa:ed seqno 58555 age 3 via wg0 neigh fe80::5cf5:5c61 (installed)
2001::3/128 metric 512 (9160) price 20 refmetric 256 rtt 3.432 id 88:82:cc:e1:91:16:6b:aa seqno 48514 chan (255) age 3 via wg0 neigh fe80::5cf5:5c61 (installed)
fd01:1234:1234:1234:4534:7b6f:5cf5:5c61/128 metric 256 (5312) price 15 refmetric 0 rtt 0.000 id 38:62:35:70:d6:ff:aa:ed seqno 58555 age 3 via wg0 neigh fe80::5cf5:5c61 (installed)
fd01:1234:1234:1234:6494:b3aa:e17d:1657/128 metric 256 (6356) price 15 refmetric 0 rtt 0.000 id 38:62:35:70:d6:ff:aa:ed seqno 58555 age 3 via wg0 neigh fe80::5cf5:5c61 (installed)
fd01:1234:1234:1234:f21c:73b8:d275:16ae/128 metric 512 (9613) price 20 refmetric 256 rtt 3.432 id 88:82:cc:e1:91:16:6b:aa seqno 48514 chan (255) age 3 via wg0 neigh fe80::5cf5:5c61 (installed)

My id b0:88:ad:8b:35:b3:8e:75 seqno 21678
Neighbour fe80::5cf5:5c61 dev wg0 reach ffff rxcost 256 txcost 256 rtt 0.000 rttcost 0 chan 255.
fd01:1234:1234:1234:8f04:137e:9a1:8b79/128 metric 0 price 5 (exported)
2001::1/128 metric 0 price 5 (exported)
2001::2/128 metric 256 (4320) price 15 refmetric 0 rtt 0.000 id 38:62:35:70:d6:ff:aa:ed seqno 58555 age 4 via wg0 neigh fe80::5cf5:5c61 (installed)
2001::3/128 metric 512 (7855) price 20 refmetric 256 rtt 3.432 id 88:82:cc:e1:91:16:6b:aa seqno 48514 chan (255) age 4 via wg0 neigh fe80::5cf5:5c61 (installed)
fd01:1234:1234:1234:4534:7b6f:5cf5:5c61/128 metric 256 (4120) price 15 refmetric 0 rtt 0.000 id 38:62:35:70:d6:ff:aa:ed seqno 58555 age 4 via wg0 neigh fe80::5cf5:5c61 (installed)
fd01:1234:1234:1234:6494:b3aa:e17d:1657/128 metric 256 (5283) price 15 refmetric 0 rtt 0.000 id 38:62:35:70:d6:ff:aa:ed seqno 58555 age 4 via wg0 neigh fe80::5cf5:5c61 (installed)
fd01:1234:1234:1234:f21c:73b8:d275:16ae/128 metric 512 (8300) price 20 refmetric 256 rtt 3.432 id 88:82:cc:e1:91:16:6b:aa seqno 48514 chan (255) age 4 via wg0 neigh fe80::5cf5:5c61 (installed)

My id b0:88:ad:8b:35:b3:8e:75 seqno 21678
Neighbour fe80::5cf5:5c61 dev wg0 reach ffff rxcost 256 txcost 256 rtt 0.000 rttcost 0 chan 255.
fd01:1234:1234:1234:8f04:137e:9a1:8b79/128 metric 0 price 5 (exported)
2001::1/128 metric 0 price 5 (exported)
2001::2/128 metric 256 (4320) price 15 refmetric 0 rtt 0.000 id 38:62:35:70:d6:ff:aa:ed seqno 58555 age 4 via wg0 neigh fe80::5cf5:5c61 (installed)
2001::3/128 metric 512 (7855) price 20 refmetric 256 rtt 3.432 id 88:82:cc:e1:91:16:6b:aa seqno 48514 chan (255) age 4 via wg0 neigh fe80::5cf5:5c61 (installed)
fd01:1234:1234:1234:4534:7b6f:5cf5:5c61/128 metric 256 (4120) price 15 refmetric 0 rtt 0.000 id 38:62:35:70:d6:ff:aa:ed seqno 58555 age 4 via wg0 neigh fe80::5cf5:5c61 (installed)
fd01:1234:1234:1234:6494:b3aa:e17d:1657/128 metric 256 (5283) price 15 refmetric 0 rtt 0.000 id 38:62:35:70:d6:ff:aa:ed seqno 58555 age 4 via wg0 neigh fe80::5cf5:5c61 (installed)
fd01:1234:1234:1234:f21c:73b8:d275:16ae/128 metric 512 (8300) price 20 refmetric 256 rtt 3.432 id 88:82:cc:e1:91:16:6b:aa seqno 48514 chan (255) age 4 via wg0 neigh fe80::5cf5:5c61 (installed)

My id b0:88:ad:8b:35:b3:8e:75 seqno 21678
Neighbour fe80::5cf5:5c61 dev wg0 reach ffff rxcost 256 txcost 256 rtt 0.000 rttcost 0 chan 255.
fd01:1234:1234:1234:8f04:137e:9a1:8b79/128 metric 0 price 5 (exported)
2001::1/128 metric 0 price 5 (exported)
2001::2/128 metric 256 (4320) price 15 refmetric 0 rtt 0.000 id 38:62:35:70:d6:ff:aa:ed seqno 58555 age 4 via wg0 neigh fe80::5cf5:5c61 (installed)
2001::3/128 metric 512 (7855) price 20 refmetric 256 rtt 3.432 id 88:82:cc:e1:91:16:6b:aa seqno 48514 chan (255) age 4 via wg0 neigh fe80::5cf5:5c61 (installed)
fd01:1234:1234:1234:4534:7b6f:5cf5:5c61/128 metric 256 (4120) price 15 refmetric 0 rtt 0.000 id 38:62:35:70:d6:ff:aa:ed seqno 58555 age 4 via wg0 neigh fe80::5cf5:5c61 (installed)
fd01:1234:1234:1234:6494:b3aa:e17d:1657/128 metric 256 (5283) price 15 refmetric 0 rtt 0.000 id 38:62:35:70:d6:ff:aa:ed seqno 58555 age 4 via wg0 neigh fe80::5cf5:5c61 (installed)
fd01:1234:1234:1234:f21c:73b8:d275:16ae/128 metric 512 (8300) price 20 refmetric 256 rtt 3.432 id 88:82:cc:e1:91:16:6b:aa seqno 48514 chan (255) age 4 via wg0 neigh fe80::5cf5:5c61 (installed)

My id b0:88:ad:8b:35:b3:8e:75 seqno 21678
Neighbour fe80::5cf5:5c61 dev wg0 reach ffff rxcost 256 txcost 256 rtt 0.000 rttcost 0 chan 255.
fd01:1234:1234:1234:8f04:137e:9a1:8b79/128 metric 0 price 5 (exported)
2001::1/128 metric 0 price 5 (exported)
2001::2/128 metric 256 (4320) price 15 refmetric 0 rtt 0.000 id 38:62:35:70:d6:ff:aa:ed seqno 58555 age 4 via wg0 neigh fe80::5cf5:5c61 (installed)
2001::3/128 metric 512 (7855) price 20 refmetric 256 rtt 3.432 id 88:82:cc:e1:91:16:6b:aa seqno 48514 chan (255) age 4 via wg0 neigh fe80::5cf5:5c61 (installed)
fd01:1234:1234:1234:4534:7b6f:5cf5:5c61/128 metric 256 (4120) price 15 refmetric 0 rtt 0.000 id 38:62:35:70:d6:ff:aa:ed seqno 58555 age 4 via wg0 neigh fe80::5cf5:5c61 (installed)
fd01:1234:1234:1234:6494:b3aa:e17d:1657/128 metric 256 (5283) price 15 refmetric 0 rtt 0.000 id 38:62:35:70:d6:ff:aa:ed seqno 58555 age 4 via wg0 neigh fe80::5cf5:5c61 (installed)
fd01:1234:1234:1234:f21c:73b8:d275:16ae/128 metric 512 (8300) price 20 refmetric 256 rtt 3.432 id 88:82:cc:e1:91:16:6b:aa seqno 48514 chan (255) age 4 via wg0 neigh fe80::5cf5:5c61 (installed)
kernel_route(FLUSH): No such process
