Warning: couldn't find router id -- using random value.
Warning: couldn't determine channel of interface wg0.
I just sent a full path rtt subtlv with val 0.000!
I just sent a full path rtt subtlv with val 0.000!

My id 88:82:cc:e1:91:16:6b:aa seqno 48514
fd01:1234:1234:1234:f21c:73b8:d275:16ae/128 metric 0 price 5 (exported)
2001::3/128 metric 0 price 5 (exported)

My id 88:82:cc:e1:91:16:6b:aa seqno 48514
fd01:1234:1234:1234:f21c:73b8:d275:16ae/128 metric 0 price 5 (exported)
2001::3/128 metric 0 price 5 (exported)

My id 88:82:cc:e1:91:16:6b:aa seqno 48514
fd01:1234:1234:1234:f21c:73b8:d275:16ae/128 metric 0 price 5 (exported)
2001::3/128 metric 0 price 5 (exported)

My id 88:82:cc:e1:91:16:6b:aa seqno 48514
fd01:1234:1234:1234:f21c:73b8:d275:16ae/128 metric 0 price 5 (exported)
2001::3/128 metric 0 price 5 (exported)

My id 88:82:cc:e1:91:16:6b:aa seqno 48514
fd01:1234:1234:1234:f21c:73b8:d275:16ae/128 metric 0 price 5 (exported)
2001::3/128 metric 0 price 5 (exported)

My id 88:82:cc:e1:91:16:6b:aa seqno 48514
fd01:1234:1234:1234:f21c:73b8:d275:16ae/128 metric 0 price 5 (exported)
2001::3/128 metric 0 price 5 (exported)

My id 88:82:cc:e1:91:16:6b:aa seqno 48514
fd01:1234:1234:1234:f21c:73b8:d275:16ae/128 metric 0 price 5 (exported)
2001::3/128 metric 0 price 5 (exported)

My id 88:82:cc:e1:91:16:6b:aa seqno 48514
fd01:1234:1234:1234:f21c:73b8:d275:16ae/128 metric 0 price 5 (exported)
2001::3/128 metric 0 price 5 (exported)
I just sent a full path rtt subtlv with val 0.000!
I just sent a full path rtt subtlv with val 0.000!

My id 88:82:cc:e1:91:16:6b:aa seqno 48514
fd01:1234:1234:1234:f21c:73b8:d275:16ae/128 metric 0 price 5 (exported)
2001::3/128 metric 0 price 5 (exported)

My id 88:82:cc:e1:91:16:6b:aa seqno 48514
Neighbour fe80::e17d:1657 dev wg0 reach 8000 rxcost 1023 txcost 65535 rtt 0.000 rttcost 0 chan 255.
fd01:1234:1234:1234:f21c:73b8:d275:16ae/128 metric 0 price 5 (exported)
2001::3/128 metric 0 price 5 (exported)

My id 88:82:cc:e1:91:16:6b:aa seqno 48514
Neighbour fe80::e17d:1657 dev wg0 reach c000 rxcost 511 txcost 65535 rtt 0.000 rttcost 0 chan 255.
fd01:1234:1234:1234:f21c:73b8:d275:16ae/128 metric 0 price 5 (exported)
2001::3/128 metric 0 price 5 (exported)
About to enter subtlv parsting loop if 0 < 4
Hey look at me I've got a path rtt subtlv with value 0.000
About to enter subtlv parsting loop if 0 < 4
Hey look at me I've got a path rtt subtlv with value 0.000
About to enter subtlv parsting loop if 0 < 4
Hey look at me I've got a path rtt subtlv with value 0.000

My id 88:82:cc:e1:91:16:6b:aa seqno 48514
Neighbour fe80::e17d:1657 dev wg0 reach e000 rxcost 341 txcost 65535 rtt 0.000 rttcost 0 chan 255.
fd01:1234:1234:1234:f21c:73b8:d275:16ae/128 metric 0 price 5 (exported)
2001::3/128 metric 0 price 5 (exported)
2001::2/128 metric 65535 (65535) price 15 refmetric 0 rtt 0.000 id 38:62:35:70:d6:ff:aa:ed seqno 58555 age 0 via wg0 neigh fe80::e17d:1657 (installed)
fd01:1234:1234:1234:4534:7b6f:5cf5:5c61/128 metric 65535 (65535) price 15 refmetric 0 rtt 0.000 id 38:62:35:70:d6:ff:aa:ed seqno 58555 age 0 via wg0 neigh fe80::e17d:1657 (installed)
fd01:1234:1234:1234:6494:b3aa:e17d:1657/128 metric 65535 (65535) price 15 refmetric 0 rtt 0.000 id 38:62:35:70:d6:ff:aa:ed seqno 58555 age 0 via wg0 neigh fe80::e17d:1657 (installed)
About to enter subtlv parsting loop if 0 < -2
About to enter subtlv parsting loop if 0 < -2

My id 88:82:cc:e1:91:16:6b:aa seqno 48514
Neighbour fe80::e17d:1657 dev wg0 reach e000 rxcost 341 txcost 65535 rtt 0.000 rttcost 0 chan 255.
fd01:1234:1234:1234:f21c:73b8:d275:16ae/128 metric 0 price 5 (exported)
2001::3/128 metric 0 price 5 (exported)
2001::1/128 metric 65535 (65535) price 20 refmetric 527 rtt 3.432 id b0:88:ad:8b:35:b3:8e:75 seqno 21678 age 0 via wg0 neigh fe80::e17d:1657 (installed)
2001::2/128 metric 65535 (65535) price 15 refmetric 0 rtt 0.000 id 38:62:35:70:d6:ff:aa:ed seqno 58555 age 0 via wg0 neigh fe80::e17d:1657 (installed)
fd01:1234:1234:1234:4534:7b6f:5cf5:5c61/128 metric 65535 (65535) price 15 refmetric 0 rtt 0.000 id 38:62:35:70:d6:ff:aa:ed seqno 58555 age 0 via wg0 neigh fe80::e17d:1657 (installed)
fd01:1234:1234:1234:6494:b3aa:e17d:1657/128 metric 65535 (65535) price 15 refmetric 0 rtt 0.000 id 38:62:35:70:d6:ff:aa:ed seqno 58555 age 0 via wg0 neigh fe80::e17d:1657 (installed)
fd01:1234:1234:1234:8f04:137e:9a1:8b79/128 metric 65535 (65535) price 20 refmetric 527 rtt 3.432 id b0:88:ad:8b:35:b3:8e:75 seqno 21678 age 0 via wg0 neigh fe80::e17d:1657 (installed)

My id 88:82:cc:e1:91:16:6b:aa seqno 48514
Neighbour fe80::e17d:1657 dev wg0 reach f000 rxcost 292 txcost 65535 rtt 0.000 rttcost 0 chan 255.
fd01:1234:1234:1234:f21c:73b8:d275:16ae/128 metric 0 price 5 (exported)
2001::3/128 metric 0 price 5 (exported)
2001::1/128 metric 65535 (65535) price 20 refmetric 527 rtt 3.432 id b0:88:ad:8b:35:b3:8e:75 seqno 21678 age 0 via wg0 neigh fe80::e17d:1657 (installed)
2001::2/128 metric 65535 (65535) price 15 refmetric 0 rtt 0.000 id 38:62:35:70:d6:ff:aa:ed seqno 58555 age 0 via wg0 neigh fe80::e17d:1657 (installed)
fd01:1234:1234:1234:4534:7b6f:5cf5:5c61/128 metric 65535 (65535) price 15 refmetric 0 rtt 0.000 id 38:62:35:70:d6:ff:aa:ed seqno 58555 age 0 via wg0 neigh fe80::e17d:1657 (installed)
fd01:1234:1234:1234:6494:b3aa:e17d:1657/128 metric 65535 (65535) price 15 refmetric 0 rtt 0.000 id 38:62:35:70:d6:ff:aa:ed seqno 58555 age 0 via wg0 neigh fe80::e17d:1657 (installed)
fd01:1234:1234:1234:8f04:137e:9a1:8b79/128 metric 65535 (65535) price 20 refmetric 527 rtt 3.432 id b0:88:ad:8b:35:b3:8e:75 seqno 21678 age 0 via wg0 neigh fe80::e17d:1657 (installed)

My id 88:82:cc:e1:91:16:6b:aa seqno 48514
Neighbour fe80::e17d:1657 dev wg0 reach f800 rxcost 273 txcost 65535 rtt 0.000 rttcost 0 chan 255.
fd01:1234:1234:1234:f21c:73b8:d275:16ae/128 metric 0 price 5 (exported)
2001::3/128 metric 0 price 5 (exported)
2001::1/128 metric 65535 (65535) price 20 refmetric 527 rtt 3.432 id b0:88:ad:8b:35:b3:8e:75 seqno 21678 age 0 via wg0 neigh fe80::e17d:1657 (installed)
2001::2/128 metric 65535 (65535) price 15 refmetric 0 rtt 0.000 id 38:62:35:70:d6:ff:aa:ed seqno 58555 age 0 via wg0 neigh fe80::e17d:1657 (installed)
fd01:1234:1234:1234:4534:7b6f:5cf5:5c61/128 metric 65535 (65535) price 15 refmetric 0 rtt 0.000 id 38:62:35:70:d6:ff:aa:ed seqno 58555 age 0 via wg0 neigh fe80::e17d:1657 (installed)
fd01:1234:1234:1234:6494:b3aa:e17d:1657/128 metric 65535 (65535) price 15 refmetric 0 rtt 0.000 id 38:62:35:70:d6:ff:aa:ed seqno 58555 age 0 via wg0 neigh fe80::e17d:1657 (installed)
fd01:1234:1234:1234:8f04:137e:9a1:8b79/128 metric 65535 (65535) price 20 refmetric 527 rtt 3.432 id b0:88:ad:8b:35:b3:8e:75 seqno 21678 age 0 via wg0 neigh fe80::e17d:1657 (installed)

My id 88:82:cc:e1:91:16:6b:aa seqno 48514
Neighbour fe80::e17d:1657 dev wg0 reach fc00 rxcost 264 txcost 65535 rtt 0.000 rttcost 0 chan 255.
fd01:1234:1234:1234:f21c:73b8:d275:16ae/128 metric 0 price 5 (exported)
2001::3/128 metric 0 price 5 (exported)
2001::1/128 metric 65535 (65535) price 20 refmetric 527 rtt 3.432 id b0:88:ad:8b:35:b3:8e:75 seqno 21678 age 0 via wg0 neigh fe80::e17d:1657 (installed)
2001::2/128 metric 65535 (65535) price 15 refmetric 0 rtt 0.000 id 38:62:35:70:d6:ff:aa:ed seqno 58555 age 0 via wg0 neigh fe80::e17d:1657 (installed)
fd01:1234:1234:1234:4534:7b6f:5cf5:5c61/128 metric 65535 (65535) price 15 refmetric 0 rtt 0.000 id 38:62:35:70:d6:ff:aa:ed seqno 58555 age 0 via wg0 neigh fe80::e17d:1657 (installed)
fd01:1234:1234:1234:6494:b3aa:e17d:1657/128 metric 65535 (65535) price 15 refmetric 0 rtt 0.000 id 38:62:35:70:d6:ff:aa:ed seqno 58555 age 0 via wg0 neigh fe80::e17d:1657 (installed)
fd01:1234:1234:1234:8f04:137e:9a1:8b79/128 metric 65535 (65535) price 20 refmetric 527 rtt 3.432 id b0:88:ad:8b:35:b3:8e:75 seqno 21678 age 0 via wg0 neigh fe80::e17d:1657 (installed)
About to enter subtlv parsting loop if 0 < 4
Hey look at me I've got a path rtt subtlv with value 0.000
About to enter subtlv parsting loop if 0 < 4
Hey look at me I've got a path rtt subtlv with value 0.000
About to enter subtlv parsting loop if 0 < 4
Hey look at me I've got a path rtt subtlv with value 0.000
About to enter subtlv parsting loop if 0 < -2
About to enter subtlv parsting loop if 0 < -2

My id 88:82:cc:e1:91:16:6b:aa seqno 48514
Neighbour fe80::e17d:1657 dev wg0 reach fe00 rxcost 260 txcost 65535 rtt 0.000 rttcost 0 chan 255.
fd01:1234:1234:1234:f21c:73b8:d275:16ae/128 metric 0 price 5 (exported)
2001::3/128 metric 0 price 5 (exported)
2001::1/128 metric 65535 (65535) price 20 refmetric 258 rtt 3.432 id b0:88:ad:8b:35:b3:8e:75 seqno 21678 chan (255) age 0 via wg0 neigh fe80::e17d:1657 (installed)
2001::2/128 metric 65535 (65535) price 15 refmetric 0 rtt 0.000 id 38:62:35:70:d6:ff:aa:ed seqno 58555 age 0 via wg0 neigh fe80::e17d:1657 (installed)
fd01:1234:1234:1234:4534:7b6f:5cf5:5c61/128 metric 65535 (65535) price 15 refmetric 0 rtt 0.000 id 38:62:35:70:d6:ff:aa:ed seqno 58555 age 0 via wg0 neigh fe80::e17d:1657 (installed)
fd01:1234:1234:1234:6494:b3aa:e17d:1657/128 metric 65535 (65535) price 15 refmetric 0 rtt 0.000 id 38:62:35:70:d6:ff:aa:ed seqno 58555 age 0 via wg0 neigh fe80::e17d:1657 (installed)
fd01:1234:1234:1234:8f04:137e:9a1:8b79/128 metric 65535 (65535) price 20 refmetric 258 rtt 3.432 id b0:88:ad:8b:35:b3:8e:75 seqno 21678 chan (255) age 0 via wg0 neigh fe80::e17d:1657 (installed)

My id 88:82:cc:e1:91:16:6b:aa seqno 48514
Neighbour fe80::e17d:1657 dev wg0 reach ff00 rxcost 258 txcost 65535 rtt 0.000 rttcost 0 chan 255.
fd01:1234:1234:1234:f21c:73b8:d275:16ae/128 metric 0 price 5 (exported)
2001::3/128 metric 0 price 5 (exported)
2001::1/128 metric 65535 (65535) price 20 refmetric 258 rtt 3.432 id b0:88:ad:8b:35:b3:8e:75 seqno 21678 chan (255) age 0 via wg0 neigh fe80::e17d:1657 (installed)
2001::2/128 metric 65535 (65535) price 15 refmetric 0 rtt 0.000 id 38:62:35:70:d6:ff:aa:ed seqno 58555 age 0 via wg0 neigh fe80::e17d:1657 (installed)
fd01:1234:1234:1234:4534:7b6f:5cf5:5c61/128 metric 65535 (65535) price 15 refmetric 0 rtt 0.000 id 38:62:35:70:d6:ff:aa:ed seqno 58555 age 0 via wg0 neigh fe80::e17d:1657 (installed)
fd01:1234:1234:1234:6494:b3aa:e17d:1657/128 metric 65535 (65535) price 15 refmetric 0 rtt 0.000 id 38:62:35:70:d6:ff:aa:ed seqno 58555 age 0 via wg0 neigh fe80::e17d:1657 (installed)
fd01:1234:1234:1234:8f04:137e:9a1:8b79/128 metric 65535 (65535) price 20 refmetric 258 rtt 3.432 id b0:88:ad:8b:35:b3:8e:75 seqno 21678 chan (255) age 0 via wg0 neigh fe80::e17d:1657 (installed)

My id 88:82:cc:e1:91:16:6b:aa seqno 48514
Neighbour fe80::e17d:1657 dev wg0 reach ff80 rxcost 256 txcost 65535 rtt 0.000 rttcost 0 chan 255.
fd01:1234:1234:1234:f21c:73b8:d275:16ae/128 metric 0 price 5 (exported)
2001::3/128 metric 0 price 5 (exported)
2001::1/128 metric 65535 (65535) price 20 refmetric 258 rtt 3.432 id b0:88:ad:8b:35:b3:8e:75 seqno 21678 chan (255) age 0 via wg0 neigh fe80::e17d:1657 (installed)
2001::2/128 metric 65535 (65535) price 15 refmetric 0 rtt 0.000 id 38:62:35:70:d6:ff:aa:ed seqno 58555 age 0 via wg0 neigh fe80::e17d:1657 (installed)
fd01:1234:1234:1234:4534:7b6f:5cf5:5c61/128 metric 65535 (65535) price 15 refmetric 0 rtt 0.000 id 38:62:35:70:d6:ff:aa:ed seqno 58555 age 0 via wg0 neigh fe80::e17d:1657 (installed)
fd01:1234:1234:1234:6494:b3aa:e17d:1657/128 metric 65535 (65535) price 15 refmetric 0 rtt 0.000 id 38:62:35:70:d6:ff:aa:ed seqno 58555 age 0 via wg0 neigh fe80::e17d:1657 (installed)
fd01:1234:1234:1234:8f04:137e:9a1:8b79/128 metric 65535 (65535) price 20 refmetric 258 rtt 3.432 id b0:88:ad:8b:35:b3:8e:75 seqno 21678 chan (255) age 0 via wg0 neigh fe80::e17d:1657 (installed)

My id 88:82:cc:e1:91:16:6b:aa seqno 48514
Neighbour fe80::e17d:1657 dev wg0 reach ffc0 rxcost 256 txcost 1023 rtt 0.000 rttcost 0 chan 255.
fd01:1234:1234:1234:f21c:73b8:d275:16ae/128 metric 0 price 5 (exported)
2001::3/128 metric 0 price 5 (exported)
2001::1/128 metric 1281 (65535) price 20 refmetric 258 rtt 3.432 id b0:88:ad:8b:35:b3:8e:75 seqno 21678 chan (255) age 0 via wg0 neigh fe80::e17d:1657 (installed)
2001::2/128 metric 1023 (65535) price 15 refmetric 0 rtt 0.000 id 38:62:35:70:d6:ff:aa:ed seqno 58555 age 0 via wg0 neigh fe80::e17d:1657 (installed)
fd01:1234:1234:1234:4534:7b6f:5cf5:5c61/128 metric 1023 (65535) price 15 refmetric 0 rtt 0.000 id 38:62:35:70:d6:ff:aa:ed seqno 58555 age 0 via wg0 neigh fe80::e17d:1657 (installed)
fd01:1234:1234:1234:6494:b3aa:e17d:1657/128 metric 1023 (65535) price 15 refmetric 0 rtt 0.000 id 38:62:35:70:d6:ff:aa:ed seqno 58555 age 0 via wg0 neigh fe80::e17d:1657 (installed)
fd01:1234:1234:1234:8f04:137e:9a1:8b79/128 metric 1281 (65535) price 20 refmetric 258 rtt 3.432 id b0:88:ad:8b:35:b3:8e:75 seqno 21678 chan (255) age 0 via wg0 neigh fe80::e17d:1657 (installed)

My id 88:82:cc:e1:91:16:6b:aa seqno 48514
Neighbour fe80::e17d:1657 dev wg0 reach ffc0 rxcost 256 txcost 1023 rtt 0.000 rttcost 0 chan 255.
fd01:1234:1234:1234:f21c:73b8:d275:16ae/128 metric 0 price 5 (exported)
2001::3/128 metric 0 price 5 (exported)
2001::1/128 metric 1281 (65535) price 20 refmetric 258 rtt 3.432 id b0:88:ad:8b:35:b3:8e:75 seqno 21678 chan (255) age 0 via wg0 neigh fe80::e17d:1657 (installed)
2001::2/128 metric 1023 (65535) price 15 refmetric 0 rtt 0.000 id 38:62:35:70:d6:ff:aa:ed seqno 58555 age 0 via wg0 neigh fe80::e17d:1657 (installed)
fd01:1234:1234:1234:4534:7b6f:5cf5:5c61/128 metric 1023 (65535) price 15 refmetric 0 rtt 0.000 id 38:62:35:70:d6:ff:aa:ed seqno 58555 age 0 via wg0 neigh fe80::e17d:1657 (installed)
fd01:1234:1234:1234:6494:b3aa:e17d:1657/128 metric 1023 (65535) price 15 refmetric 0 rtt 0.000 id 38:62:35:70:d6:ff:aa:ed seqno 58555 age 0 via wg0 neigh fe80::e17d:1657 (installed)
fd01:1234:1234:1234:8f04:137e:9a1:8b79/128 metric 1281 (65535) price 20 refmetric 258 rtt 3.432 id b0:88:ad:8b:35:b3:8e:75 seqno 21678 chan (255) age 0 via wg0 neigh fe80::e17d:1657 (installed)

My id 88:82:cc:e1:91:16:6b:aa seqno 48514
Neighbour fe80::e17d:1657 dev wg0 reach ffc0 rxcost 256 txcost 1023 rtt 0.000 rttcost 0 chan 255.
fd01:1234:1234:1234:f21c:73b8:d275:16ae/128 metric 0 price 5 (exported)
2001::3/128 metric 0 price 5 (exported)
2001::1/128 metric 1281 (65535) price 20 refmetric 258 rtt 3.432 id b0:88:ad:8b:35:b3:8e:75 seqno 21678 chan (255) age 0 via wg0 neigh fe80::e17d:1657 (installed)
2001::2/128 metric 1023 (65535) price 15 refmetric 0 rtt 0.000 id 38:62:35:70:d6:ff:aa:ed seqno 58555 age 0 via wg0 neigh fe80::e17d:1657 (installed)
fd01:1234:1234:1234:4534:7b6f:5cf5:5c61/128 metric 1023 (65535) price 15 refmetric 0 rtt 0.000 id 38:62:35:70:d6:ff:aa:ed seqno 58555 age 0 via wg0 neigh fe80::e17d:1657 (installed)
fd01:1234:1234:1234:6494:b3aa:e17d:1657/128 metric 1023 (65535) price 15 refmetric 0 rtt 0.000 id 38:62:35:70:d6:ff:aa:ed seqno 58555 age 0 via wg0 neigh fe80::e17d:1657 (installed)
fd01:1234:1234:1234:8f04:137e:9a1:8b79/128 metric 1281 (65535) price 20 refmetric 258 rtt 3.432 id b0:88:ad:8b:35:b3:8e:75 seqno 21678 chan (255) age 0 via wg0 neigh fe80::e17d:1657 (installed)

My id 88:82:cc:e1:91:16:6b:aa seqno 48514
Neighbour fe80::e17d:1657 dev wg0 reach ffc0 rxcost 256 txcost 1023 rtt 0.000 rttcost 0 chan 255.
fd01:1234:1234:1234:f21c:73b8:d275:16ae/128 metric 0 price 5 (exported)
2001::3/128 metric 0 price 5 (exported)
2001::1/128 metric 1281 (65535) price 20 refmetric 258 rtt 3.432 id b0:88:ad:8b:35:b3:8e:75 seqno 21678 chan (255) age 0 via wg0 neigh fe80::e17d:1657 (installed)
2001::2/128 metric 1023 (65535) price 15 refmetric 0 rtt 0.000 id 38:62:35:70:d6:ff:aa:ed seqno 58555 age 0 via wg0 neigh fe80::e17d:1657 (installed)
fd01:1234:1234:1234:4534:7b6f:5cf5:5c61/128 metric 1023 (65535) price 15 refmetric 0 rtt 0.000 id 38:62:35:70:d6:ff:aa:ed seqno 58555 age 0 via wg0 neigh fe80::e17d:1657 (installed)
fd01:1234:1234:1234:6494:b3aa:e17d:1657/128 metric 1023 (65535) price 15 refmetric 0 rtt 0.000 id 38:62:35:70:d6:ff:aa:ed seqno 58555 age 0 via wg0 neigh fe80::e17d:1657 (installed)
fd01:1234:1234:1234:8f04:137e:9a1:8b79/128 metric 1281 (65535) price 20 refmetric 258 rtt 3.432 id b0:88:ad:8b:35:b3:8e:75 seqno 21678 chan (255) age 0 via wg0 neigh fe80::e17d:1657 (installed)

My id 88:82:cc:e1:91:16:6b:aa seqno 48514
Neighbour fe80::e17d:1657 dev wg0 reach ffc0 rxcost 256 txcost 1023 rtt 0.000 rttcost 0 chan 255.
fd01:1234:1234:1234:f21c:73b8:d275:16ae/128 metric 0 price 5 (exported)
2001::3/128 metric 0 price 5 (exported)
2001::1/128 metric 1281 (65535) price 20 refmetric 258 rtt 3.432 id b0:88:ad:8b:35:b3:8e:75 seqno 21678 chan (255) age 0 via wg0 neigh fe80::e17d:1657 (installed)
2001::2/128 metric 1023 (65535) price 15 refmetric 0 rtt 0.000 id 38:62:35:70:d6:ff:aa:ed seqno 58555 age 0 via wg0 neigh fe80::e17d:1657 (installed)
fd01:1234:1234:1234:4534:7b6f:5cf5:5c61/128 metric 1023 (65535) price 15 refmetric 0 rtt 0.000 id 38:62:35:70:d6:ff:aa:ed seqno 58555 age 0 via wg0 neigh fe80::e17d:1657 (installed)
fd01:1234:1234:1234:6494:b3aa:e17d:1657/128 metric 1023 (65535) price 15 refmetric 0 rtt 0.000 id 38:62:35:70:d6:ff:aa:ed seqno 58555 age 0 via wg0 neigh fe80::e17d:1657 (installed)
fd01:1234:1234:1234:8f04:137e:9a1:8b79/128 metric 1281 (65535) price 20 refmetric 258 rtt 3.432 id b0:88:ad:8b:35:b3:8e:75 seqno 21678 chan (255) age 0 via wg0 neigh fe80::e17d:1657 (installed)

My id 88:82:cc:e1:91:16:6b:aa seqno 48514
Neighbour fe80::e17d:1657 dev wg0 reach ffc0 rxcost 256 txcost 1023 rtt 0.000 rttcost 0 chan 255.
fd01:1234:1234:1234:f21c:73b8:d275:16ae/128 metric 0 price 5 (exported)
2001::3/128 metric 0 price 5 (exported)
2001::1/128 metric 1281 (65535) price 20 refmetric 258 rtt 3.432 id b0:88:ad:8b:35:b3:8e:75 seqno 21678 chan (255) age 0 via wg0 neigh fe80::e17d:1657 (installed)
2001::2/128 metric 1023 (65535) price 15 refmetric 0 rtt 0.000 id 38:62:35:70:d6:ff:aa:ed seqno 58555 age 0 via wg0 neigh fe80::e17d:1657 (installed)
fd01:1234:1234:1234:4534:7b6f:5cf5:5c61/128 metric 1023 (65535) price 15 refmetric 0 rtt 0.000 id 38:62:35:70:d6:ff:aa:ed seqno 58555 age 0 via wg0 neigh fe80::e17d:1657 (installed)
fd01:1234:1234:1234:6494:b3aa:e17d:1657/128 metric 1023 (65535) price 15 refmetric 0 rtt 0.000 id 38:62:35:70:d6:ff:aa:ed seqno 58555 age 0 via wg0 neigh fe80::e17d:1657 (installed)
fd01:1234:1234:1234:8f04:137e:9a1:8b79/128 metric 1281 (65535) price 20 refmetric 258 rtt 3.432 id b0:88:ad:8b:35:b3:8e:75 seqno 21678 chan (255) age 0 via wg0 neigh fe80::e17d:1657 (installed)

My id 88:82:cc:e1:91:16:6b:aa seqno 48514
Neighbour fe80::e17d:1657 dev wg0 reach ffc0 rxcost 256 txcost 1023 rtt 0.000 rttcost 0 chan 255.
fd01:1234:1234:1234:f21c:73b8:d275:16ae/128 metric 0 price 5 (exported)
2001::3/128 metric 0 price 5 (exported)
2001::1/128 metric 1281 (65535) price 20 refmetric 258 rtt 3.432 id b0:88:ad:8b:35:b3:8e:75 seqno 21678 chan (255) age 0 via wg0 neigh fe80::e17d:1657 (installed)
2001::2/128 metric 1023 (65535) price 15 refmetric 0 rtt 0.000 id 38:62:35:70:d6:ff:aa:ed seqno 58555 age 0 via wg0 neigh fe80::e17d:1657 (installed)
fd01:1234:1234:1234:4534:7b6f:5cf5:5c61/128 metric 1023 (65535) price 15 refmetric 0 rtt 0.000 id 38:62:35:70:d6:ff:aa:ed seqno 58555 age 0 via wg0 neigh fe80::e17d:1657 (installed)
fd01:1234:1234:1234:6494:b3aa:e17d:1657/128 metric 1023 (65535) price 15 refmetric 0 rtt 0.000 id 38:62:35:70:d6:ff:aa:ed seqno 58555 age 0 via wg0 neigh fe80::e17d:1657 (installed)
fd01:1234:1234:1234:8f04:137e:9a1:8b79/128 metric 1281 (65535) price 20 refmetric 258 rtt 3.432 id b0:88:ad:8b:35:b3:8e:75 seqno 21678 chan (255) age 0 via wg0 neigh fe80::e17d:1657 (installed)

My id 88:82:cc:e1:91:16:6b:aa seqno 48514
Neighbour fe80::e17d:1657 dev wg0 reach ffc0 rxcost 256 txcost 1023 rtt 0.000 rttcost 0 chan 255.
fd01:1234:1234:1234:f21c:73b8:d275:16ae/128 metric 0 price 5 (exported)
2001::3/128 metric 0 price 5 (exported)
2001::1/128 metric 1281 (65535) price 20 refmetric 258 rtt 3.432 id b0:88:ad:8b:35:b3:8e:75 seqno 21678 chan (255) age 0 via wg0 neigh fe80::e17d:1657 (installed)
2001::2/128 metric 1023 (65535) price 15 refmetric 0 rtt 0.000 id 38:62:35:70:d6:ff:aa:ed seqno 58555 age 0 via wg0 neigh fe80::e17d:1657 (installed)
fd01:1234:1234:1234:4534:7b6f:5cf5:5c61/128 metric 1023 (65535) price 15 refmetric 0 rtt 0.000 id 38:62:35:70:d6:ff:aa:ed seqno 58555 age 0 via wg0 neigh fe80::e17d:1657 (installed)
fd01:1234:1234:1234:6494:b3aa:e17d:1657/128 metric 1023 (65535) price 15 refmetric 0 rtt 0.000 id 38:62:35:70:d6:ff:aa:ed seqno 58555 age 0 via wg0 neigh fe80::e17d:1657 (installed)
fd01:1234:1234:1234:8f04:137e:9a1:8b79/128 metric 1281 (65535) price 20 refmetric 258 rtt 3.432 id b0:88:ad:8b:35:b3:8e:75 seqno 21678 chan (255) age 0 via wg0 neigh fe80::e17d:1657 (installed)

My id 88:82:cc:e1:91:16:6b:aa seqno 48514
Neighbour fe80::e17d:1657 dev wg0 reach ffc0 rxcost 256 txcost 1023 rtt 0.000 rttcost 0 chan 255.
fd01:1234:1234:1234:f21c:73b8:d275:16ae/128 metric 0 price 5 (exported)
2001::3/128 metric 0 price 5 (exported)
2001::1/128 metric 1281 (65535) price 20 refmetric 258 rtt 3.432 id b0:88:ad:8b:35:b3:8e:75 seqno 21678 chan (255) age 0 via wg0 neigh fe80::e17d:1657 (installed)
2001::2/128 metric 1023 (65535) price 15 refmetric 0 rtt 0.000 id 38:62:35:70:d6:ff:aa:ed seqno 58555 age 0 via wg0 neigh fe80::e17d:1657 (installed)
fd01:1234:1234:1234:4534:7b6f:5cf5:5c61/128 metric 1023 (65535) price 15 refmetric 0 rtt 0.000 id 38:62:35:70:d6:ff:aa:ed seqno 58555 age 0 via wg0 neigh fe80::e17d:1657 (installed)
fd01:1234:1234:1234:6494:b3aa:e17d:1657/128 metric 1023 (65535) price 15 refmetric 0 rtt 0.000 id 38:62:35:70:d6:ff:aa:ed seqno 58555 age 0 via wg0 neigh fe80::e17d:1657 (installed)
fd01:1234:1234:1234:8f04:137e:9a1:8b79/128 metric 1281 (65535) price 20 refmetric 258 rtt 3.432 id b0:88:ad:8b:35:b3:8e:75 seqno 21678 chan (255) age 0 via wg0 neigh fe80::e17d:1657 (installed)

My id 88:82:cc:e1:91:16:6b:aa seqno 48514
Neighbour fe80::e17d:1657 dev wg0 reach ffc0 rxcost 256 txcost 1023 rtt 0.000 rttcost 0 chan 255.
fd01:1234:1234:1234:f21c:73b8:d275:16ae/128 metric 0 price 5 (exported)
2001::3/128 metric 0 price 5 (exported)
2001::1/128 metric 1281 (65535) price 20 refmetric 258 rtt 3.432 id b0:88:ad:8b:35:b3:8e:75 seqno 21678 chan (255) age 0 via wg0 neigh fe80::e17d:1657 (installed)
2001::2/128 metric 1023 (65535) price 15 refmetric 0 rtt 0.000 id 38:62:35:70:d6:ff:aa:ed seqno 58555 age 0 via wg0 neigh fe80::e17d:1657 (installed)
fd01:1234:1234:1234:4534:7b6f:5cf5:5c61/128 metric 1023 (65535) price 15 refmetric 0 rtt 0.000 id 38:62:35:70:d6:ff:aa:ed seqno 58555 age 0 via wg0 neigh fe80::e17d:1657 (installed)
fd01:1234:1234:1234:6494:b3aa:e17d:1657/128 metric 1023 (65535) price 15 refmetric 0 rtt 0.000 id 38:62:35:70:d6:ff:aa:ed seqno 58555 age 0 via wg0 neigh fe80::e17d:1657 (installed)
fd01:1234:1234:1234:8f04:137e:9a1:8b79/128 metric 1281 (65535) price 20 refmetric 258 rtt 3.432 id b0:88:ad:8b:35:b3:8e:75 seqno 21678 chan (255) age 0 via wg0 neigh fe80::e17d:1657 (installed)
About to enter subtlv parsting loop if 0 < -2
About to enter subtlv parsting loop if 0 < -2

My id 88:82:cc:e1:91:16:6b:aa seqno 48514
Neighbour fe80::e17d:1657 dev wg0 reach ffe0 rxcost 256 txcost 511 rtt 0.000 rttcost 0 chan 255.
fd01:1234:1234:1234:f21c:73b8:d275:16ae/128 metric 0 price 5 (exported)
2001::3/128 metric 0 price 5 (exported)
2001::1/128 metric 769 (55934) price 20 refmetric 258 rtt 3.432 id b0:88:ad:8b:35:b3:8e:75 seqno 21678 chan (255) age 1 via wg0 neigh fe80::e17d:1657 (installed)
2001::2/128 metric 511 (50595) price 15 refmetric 0 rtt 0.000 id 38:62:35:70:d6:ff:aa:ed seqno 58555 age 1 via wg0 neigh fe80::e17d:1657 (installed)
fd01:1234:1234:1234:4534:7b6f:5cf5:5c61/128 metric 511 (51249) price 15 refmetric 0 rtt 0.000 id 38:62:35:70:d6:ff:aa:ed seqno 58555 age 1 via wg0 neigh fe80::e17d:1657 (installed)
fd01:1234:1234:1234:6494:b3aa:e17d:1657/128 metric 511 (50971) price 15 refmetric 0 rtt 0.000 id 38:62:35:70:d6:ff:aa:ed seqno 58555 age 1 via wg0 neigh fe80::e17d:1657 (installed)
fd01:1234:1234:1234:8f04:137e:9a1:8b79/128 metric 769 (51176) price 20 refmetric 258 rtt 3.432 id b0:88:ad:8b:35:b3:8e:75 seqno 21678 chan (255) age 1 via wg0 neigh fe80::e17d:1657 (installed)
I just sent a full path rtt subtlv with val 3.432!
I just sent a full path rtt subtlv with val 3.432!

My id 88:82:cc:e1:91:16:6b:aa seqno 48514
Neighbour fe80::e17d:1657 dev wg0 reach ffe0 rxcost 256 txcost 511 rtt 0.000 rttcost 0 chan 255.
fd01:1234:1234:1234:f21c:73b8:d275:16ae/128 metric 0 price 5 (exported)
2001::3/128 metric 0 price 5 (exported)
2001::1/128 metric 769 (55934) price 20 refmetric 258 rtt 3.432 id b0:88:ad:8b:35:b3:8e:75 seqno 21678 chan (255) age 1 via wg0 neigh fe80::e17d:1657 (installed)
2001::2/128 metric 511 (50595) price 15 refmetric 0 rtt 0.000 id 38:62:35:70:d6:ff:aa:ed seqno 58555 age 1 via wg0 neigh fe80::e17d:1657 (installed)
fd01:1234:1234:1234:4534:7b6f:5cf5:5c61/128 metric 511 (51249) price 15 refmetric 0 rtt 0.000 id 38:62:35:70:d6:ff:aa:ed seqno 58555 age 1 via wg0 neigh fe80::e17d:1657 (installed)
fd01:1234:1234:1234:6494:b3aa:e17d:1657/128 metric 511 (50971) price 15 refmetric 0 rtt 0.000 id 38:62:35:70:d6:ff:aa:ed seqno 58555 age 1 via wg0 neigh fe80::e17d:1657 (installed)
fd01:1234:1234:1234:8f04:137e:9a1:8b79/128 metric 769 (51176) price 20 refmetric 258 rtt 3.432 id b0:88:ad:8b:35:b3:8e:75 seqno 21678 chan (255) age 1 via wg0 neigh fe80::e17d:1657 (installed)

My id 88:82:cc:e1:91:16:6b:aa seqno 48514
Neighbour fe80::e17d:1657 dev wg0 reach ffe0 rxcost 256 txcost 511 rtt 0.000 rttcost 0 chan 255.
fd01:1234:1234:1234:f21c:73b8:d275:16ae/128 metric 0 price 5 (exported)
2001::3/128 metric 0 price 5 (exported)
2001::1/128 metric 769 (55934) price 20 refmetric 258 rtt 3.432 id b0:88:ad:8b:35:b3:8e:75 seqno 21678 chan (255) age 1 via wg0 neigh fe80::e17d:1657 (installed)
2001::2/128 metric 511 (50595) price 15 refmetric 0 rtt 0.000 id 38:62:35:70:d6:ff:aa:ed seqno 58555 age 1 via wg0 neigh fe80::e17d:1657 (installed)
fd01:1234:1234:1234:4534:7b6f:5cf5:5c61/128 metric 511 (51249) price 15 refmetric 0 rtt 0.000 id 38:62:35:70:d6:ff:aa:ed seqno 58555 age 1 via wg0 neigh fe80::e17d:1657 (installed)
fd01:1234:1234:1234:6494:b3aa:e17d:1657/128 metric 511 (50971) price 15 refmetric 0 rtt 0.000 id 38:62:35:70:d6:ff:aa:ed seqno 58555 age 1 via wg0 neigh fe80::e17d:1657 (installed)
fd01:1234:1234:1234:8f04:137e:9a1:8b79/128 metric 769 (51176) price 20 refmetric 258 rtt 3.432 id b0:88:ad:8b:35:b3:8e:75 seqno 21678 chan (255) age 1 via wg0 neigh fe80::e17d:1657 (installed)

My id 88:82:cc:e1:91:16:6b:aa seqno 48514
Neighbour fe80::e17d:1657 dev wg0 reach ffe0 rxcost 256 txcost 511 rtt 0.000 rttcost 0 chan 255.
fd01:1234:1234:1234:f21c:73b8:d275:16ae/128 metric 0 price 5 (exported)
2001::3/128 metric 0 price 5 (exported)
2001::1/128 metric 769 (55934) price 20 refmetric 258 rtt 3.432 id b0:88:ad:8b:35:b3:8e:75 seqno 21678 chan (255) age 1 via wg0 neigh fe80::e17d:1657 (installed)
2001::2/128 metric 511 (50595) price 15 refmetric 0 rtt 0.000 id 38:62:35:70:d6:ff:aa:ed seqno 58555 age 1 via wg0 neigh fe80::e17d:1657 (installed)
fd01:1234:1234:1234:4534:7b6f:5cf5:5c61/128 metric 511 (51249) price 15 refmetric 0 rtt 0.000 id 38:62:35:70:d6:ff:aa:ed seqno 58555 age 1 via wg0 neigh fe80::e17d:1657 (installed)
fd01:1234:1234:1234:6494:b3aa:e17d:1657/128 metric 511 (50971) price 15 refmetric 0 rtt 0.000 id 38:62:35:70:d6:ff:aa:ed seqno 58555 age 1 via wg0 neigh fe80::e17d:1657 (installed)
fd01:1234:1234:1234:8f04:137e:9a1:8b79/128 metric 769 (51176) price 20 refmetric 258 rtt 3.432 id b0:88:ad:8b:35:b3:8e:75 seqno 21678 chan (255) age 1 via wg0 neigh fe80::e17d:1657 (installed)

My id 88:82:cc:e1:91:16:6b:aa seqno 48514
Neighbour fe80::e17d:1657 dev wg0 reach ffe0 rxcost 256 txcost 256 rtt 0.000 rttcost 0 chan 255.
fd01:1234:1234:1234:f21c:73b8:d275:16ae/128 metric 0 price 5 (exported)
2001::3/128 metric 0 price 5 (exported)
2001::1/128 metric 514 (55934) price 20 refmetric 258 rtt 3.432 id b0:88:ad:8b:35:b3:8e:75 seqno 21678 chan (255) age 1 via wg0 neigh fe80::e17d:1657 (installed)
2001::2/128 metric 256 (50595) price 15 refmetric 0 rtt 0.000 id 38:62:35:70:d6:ff:aa:ed seqno 58555 age 1 via wg0 neigh fe80::e17d:1657 (installed)
fd01:1234:1234:1234:4534:7b6f:5cf5:5c61/128 metric 256 (51249) price 15 refmetric 0 rtt 0.000 id 38:62:35:70:d6:ff:aa:ed seqno 58555 age 1 via wg0 neigh fe80::e17d:1657 (installed)
fd01:1234:1234:1234:6494:b3aa:e17d:1657/128 metric 256 (50971) price 15 refmetric 0 rtt 0.000 id 38:62:35:70:d6:ff:aa:ed seqno 58555 age 1 via wg0 neigh fe80::e17d:1657 (installed)
fd01:1234:1234:1234:8f04:137e:9a1:8b79/128 metric 514 (51176) price 20 refmetric 258 rtt 3.432 id b0:88:ad:8b:35:b3:8e:75 seqno 21678 chan (255) age 1 via wg0 neigh fe80::e17d:1657 (installed)

My id 88:82:cc:e1:91:16:6b:aa seqno 48514
Neighbour fe80::e17d:1657 dev wg0 reach ffe0 rxcost 256 txcost 256 rtt 0.000 rttcost 0 chan 255.
fd01:1234:1234:1234:f21c:73b8:d275:16ae/128 metric 0 price 5 (exported)
2001::3/128 metric 0 price 5 (exported)
2001::1/128 metric 514 (55934) price 20 refmetric 258 rtt 3.432 id b0:88:ad:8b:35:b3:8e:75 seqno 21678 chan (255) age 1 via wg0 neigh fe80::e17d:1657 (installed)
2001::2/128 metric 256 (50595) price 15 refmetric 0 rtt 0.000 id 38:62:35:70:d6:ff:aa:ed seqno 58555 age 1 via wg0 neigh fe80::e17d:1657 (installed)
fd01:1234:1234:1234:4534:7b6f:5cf5:5c61/128 metric 256 (51249) price 15 refmetric 0 rtt 0.000 id 38:62:35:70:d6:ff:aa:ed seqno 58555 age 1 via wg0 neigh fe80::e17d:1657 (installed)
fd01:1234:1234:1234:6494:b3aa:e17d:1657/128 metric 256 (50971) price 15 refmetric 0 rtt 0.000 id 38:62:35:70:d6:ff:aa:ed seqno 58555 age 1 via wg0 neigh fe80::e17d:1657 (installed)
fd01:1234:1234:1234:8f04:137e:9a1:8b79/128 metric 514 (51176) price 20 refmetric 258 rtt 3.432 id b0:88:ad:8b:35:b3:8e:75 seqno 21678 chan (255) age 1 via wg0 neigh fe80::e17d:1657 (installed)

My id 88:82:cc:e1:91:16:6b:aa seqno 48514
Neighbour fe80::e17d:1657 dev wg0 reach ffe0 rxcost 256 txcost 256 rtt 0.000 rttcost 0 chan 255.
fd01:1234:1234:1234:f21c:73b8:d275:16ae/128 metric 0 price 5 (exported)
2001::3/128 metric 0 price 5 (exported)
2001::1/128 metric 514 (47182) price 20 refmetric 258 rtt 3.432 id b0:88:ad:8b:35:b3:8e:75 seqno 21678 chan (255) age 2 via wg0 neigh fe80::e17d:1657 (installed)
2001::2/128 metric 256 (42219) price 15 refmetric 0 rtt 0.000 id 38:62:35:70:d6:ff:aa:ed seqno 58555 age 2 via wg0 neigh fe80::e17d:1657 (installed)
fd01:1234:1234:1234:4534:7b6f:5cf5:5c61/128 metric 256 (42837) price 15 refmetric 0 rtt 0.000 id 38:62:35:70:d6:ff:aa:ed seqno 58555 age 2 via wg0 neigh fe80::e17d:1657 (installed)
fd01:1234:1234:1234:6494:b3aa:e17d:1657/128 metric 256 (39709) price 15 refmetric 0 rtt 0.000 id 38:62:35:70:d6:ff:aa:ed seqno 58555 age 2 via wg0 neigh fe80::e17d:1657 (installed)
fd01:1234:1234:1234:8f04:137e:9a1:8b79/128 metric 514 (40195) price 20 refmetric 258 rtt 3.432 id b0:88:ad:8b:35:b3:8e:75 seqno 21678 chan (255) age 2 via wg0 neigh fe80::e17d:1657 (installed)

My id 88:82:cc:e1:91:16:6b:aa seqno 48514
Neighbour fe80::e17d:1657 dev wg0 reach ffe0 rxcost 256 txcost 256 rtt 0.000 rttcost 0 chan 255.
fd01:1234:1234:1234:f21c:73b8:d275:16ae/128 metric 0 price 5 (exported)
2001::3/128 metric 0 price 5 (exported)
2001::1/128 metric 514 (47182) price 20 refmetric 258 rtt 3.432 id b0:88:ad:8b:35:b3:8e:75 seqno 21678 chan (255) age 2 via wg0 neigh fe80::e17d:1657 (installed)
2001::2/128 metric 256 (42219) price 15 refmetric 0 rtt 0.000 id 38:62:35:70:d6:ff:aa:ed seqno 58555 age 2 via wg0 neigh fe80::e17d:1657 (installed)
fd01:1234:1234:1234:4534:7b6f:5cf5:5c61/128 metric 256 (42837) price 15 refmetric 0 rtt 0.000 id 38:62:35:70:d6:ff:aa:ed seqno 58555 age 2 via wg0 neigh fe80::e17d:1657 (installed)
fd01:1234:1234:1234:6494:b3aa:e17d:1657/128 metric 256 (39709) price 15 refmetric 0 rtt 0.000 id 38:62:35:70:d6:ff:aa:ed seqno 58555 age 2 via wg0 neigh fe80::e17d:1657 (installed)
fd01:1234:1234:1234:8f04:137e:9a1:8b79/128 metric 514 (40195) price 20 refmetric 258 rtt 3.432 id b0:88:ad:8b:35:b3:8e:75 seqno 21678 chan (255) age 2 via wg0 neigh fe80::e17d:1657 (installed)

My id 88:82:cc:e1:91:16:6b:aa seqno 48514
Neighbour fe80::e17d:1657 dev wg0 reach ffe0 rxcost 256 txcost 256 rtt 0.000 rttcost 0 chan 255.
fd01:1234:1234:1234:f21c:73b8:d275:16ae/128 metric 0 price 5 (exported)
2001::3/128 metric 0 price 5 (exported)
2001::1/128 metric 514 (47182) price 20 refmetric 258 rtt 3.432 id b0:88:ad:8b:35:b3:8e:75 seqno 21678 chan (255) age 2 via wg0 neigh fe80::e17d:1657 (installed)
2001::2/128 metric 256 (42219) price 15 refmetric 0 rtt 0.000 id 38:62:35:70:d6:ff:aa:ed seqno 58555 age 2 via wg0 neigh fe80::e17d:1657 (installed)
fd01:1234:1234:1234:4534:7b6f:5cf5:5c61/128 metric 256 (42837) price 15 refmetric 0 rtt 0.000 id 38:62:35:70:d6:ff:aa:ed seqno 58555 age 2 via wg0 neigh fe80::e17d:1657 (installed)
fd01:1234:1234:1234:6494:b3aa:e17d:1657/128 metric 256 (39709) price 15 refmetric 0 rtt 0.000 id 38:62:35:70:d6:ff:aa:ed seqno 58555 age 2 via wg0 neigh fe80::e17d:1657 (installed)
fd01:1234:1234:1234:8f04:137e:9a1:8b79/128 metric 514 (40195) price 20 refmetric 258 rtt 3.432 id b0:88:ad:8b:35:b3:8e:75 seqno 21678 chan (255) age 2 via wg0 neigh fe80::e17d:1657 (installed)

My id 88:82:cc:e1:91:16:6b:aa seqno 48514
Neighbour fe80::e17d:1657 dev wg0 reach fff0 rxcost 256 txcost 256 rtt 0.000 rttcost 0 chan 255.
fd01:1234:1234:1234:f21c:73b8:d275:16ae/128 metric 0 price 5 (exported)
2001::3/128 metric 0 price 5 (exported)
2001::1/128 metric 514 (47182) price 20 refmetric 258 rtt 3.432 id b0:88:ad:8b:35:b3:8e:75 seqno 21678 chan (255) age 2 via wg0 neigh fe80::e17d:1657 (installed)
2001::2/128 metric 256 (42219) price 15 refmetric 0 rtt 0.000 id 38:62:35:70:d6:ff:aa:ed seqno 58555 age 2 via wg0 neigh fe80::e17d:1657 (installed)
fd01:1234:1234:1234:4534:7b6f:5cf5:5c61/128 metric 256 (42837) price 15 refmetric 0 rtt 0.000 id 38:62:35:70:d6:ff:aa:ed seqno 58555 age 2 via wg0 neigh fe80::e17d:1657 (installed)
fd01:1234:1234:1234:6494:b3aa:e17d:1657/128 metric 256 (39709) price 15 refmetric 0 rtt 0.000 id 38:62:35:70:d6:ff:aa:ed seqno 58555 age 2 via wg0 neigh fe80::e17d:1657 (installed)
fd01:1234:1234:1234:8f04:137e:9a1:8b79/128 metric 514 (40195) price 20 refmetric 258 rtt 3.432 id b0:88:ad:8b:35:b3:8e:75 seqno 21678 chan (255) age 2 via wg0 neigh fe80::e17d:1657 (installed)

My id 88:82:cc:e1:91:16:6b:aa seqno 48514
Neighbour fe80::e17d:1657 dev wg0 reach fff0 rxcost 256 txcost 256 rtt 0.000 rttcost 0 chan 255.
fd01:1234:1234:1234:f21c:73b8:d275:16ae/128 metric 0 price 5 (exported)
2001::3/128 metric 0 price 5 (exported)
2001::1/128 metric 514 (40526) price 20 refmetric 258 rtt 3.432 id b0:88:ad:8b:35:b3:8e:75 seqno 21678 chan (255) age 3 via wg0 neigh fe80::e17d:1657 (installed)
2001::2/128 metric 256 (35272) price 15 refmetric 0 rtt 0.000 id 38:62:35:70:d6:ff:aa:ed seqno 58555 age 3 via wg0 neigh fe80::e17d:1657 (installed)
fd01:1234:1234:1234:4534:7b6f:5cf5:5c61/128 metric 256 (35509) price 15 refmetric 0 rtt 0.000 id 38:62:35:70:d6:ff:aa:ed seqno 58555 age 3 via wg0 neigh fe80::e17d:1657 (installed)
fd01:1234:1234:1234:6494:b3aa:e17d:1657/128 metric 256 (30395) price 15 refmetric 0 rtt 0.000 id 38:62:35:70:d6:ff:aa:ed seqno 58555 age 3 via wg0 neigh fe80::e17d:1657 (installed)
fd01:1234:1234:1234:8f04:137e:9a1:8b79/128 metric 514 (33788) price 20 refmetric 258 rtt 3.432 id b0:88:ad:8b:35:b3:8e:75 seqno 21678 chan (255) age 3 via wg0 neigh fe80::e17d:1657 (installed)

My id 88:82:cc:e1:91:16:6b:aa seqno 48514
Neighbour fe80::e17d:1657 dev wg0 reach fff0 rxcost 256 txcost 256 rtt 0.000 rttcost 0 chan 255.
fd01:1234:1234:1234:f21c:73b8:d275:16ae/128 metric 0 price 5 (exported)
2001::3/128 metric 0 price 5 (exported)
2001::1/128 metric 514 (40526) price 20 refmetric 258 rtt 3.432 id b0:88:ad:8b:35:b3:8e:75 seqno 21678 chan (255) age 3 via wg0 neigh fe80::e17d:1657 (installed)
2001::2/128 metric 256 (35272) price 15 refmetric 0 rtt 0.000 id 38:62:35:70:d6:ff:aa:ed seqno 58555 age 3 via wg0 neigh fe80::e17d:1657 (installed)
fd01:1234:1234:1234:4534:7b6f:5cf5:5c61/128 metric 256 (35509) price 15 refmetric 0 rtt 0.000 id 38:62:35:70:d6:ff:aa:ed seqno 58555 age 3 via wg0 neigh fe80::e17d:1657 (installed)
fd01:1234:1234:1234:6494:b3aa:e17d:1657/128 metric 256 (30395) price 15 refmetric 0 rtt 0.000 id 38:62:35:70:d6:ff:aa:ed seqno 58555 age 3 via wg0 neigh fe80::e17d:1657 (installed)
fd01:1234:1234:1234:8f04:137e:9a1:8b79/128 metric 514 (33788) price 20 refmetric 258 rtt 3.432 id b0:88:ad:8b:35:b3:8e:75 seqno 21678 chan (255) age 3 via wg0 neigh fe80::e17d:1657 (installed)

My id 88:82:cc:e1:91:16:6b:aa seqno 48514
Neighbour fe80::e17d:1657 dev wg0 reach fff0 rxcost 256 txcost 256 rtt 0.000 rttcost 0 chan 255.
fd01:1234:1234:1234:f21c:73b8:d275:16ae/128 metric 0 price 5 (exported)
2001::3/128 metric 0 price 5 (exported)
2001::1/128 metric 514 (40526) price 20 refmetric 258 rtt 3.432 id b0:88:ad:8b:35:b3:8e:75 seqno 21678 chan (255) age 3 via wg0 neigh fe80::e17d:1657 (installed)
2001::2/128 metric 256 (35272) price 15 refmetric 0 rtt 0.000 id 38:62:35:70:d6:ff:aa:ed seqno 58555 age 3 via wg0 neigh fe80::e17d:1657 (installed)
fd01:1234:1234:1234:4534:7b6f:5cf5:5c61/128 metric 256 (35509) price 15 refmetric 0 rtt 0.000 id 38:62:35:70:d6:ff:aa:ed seqno 58555 age 3 via wg0 neigh fe80::e17d:1657 (installed)
fd01:1234:1234:1234:6494:b3aa:e17d:1657/128 metric 256 (30395) price 15 refmetric 0 rtt 0.000 id 38:62:35:70:d6:ff:aa:ed seqno 58555 age 3 via wg0 neigh fe80::e17d:1657 (installed)
fd01:1234:1234:1234:8f04:137e:9a1:8b79/128 metric 514 (33788) price 20 refmetric 258 rtt 3.432 id b0:88:ad:8b:35:b3:8e:75 seqno 21678 chan (255) age 3 via wg0 neigh fe80::e17d:1657 (installed)
About to enter subtlv parsting loop if 0 < 4
Hey look at me I've got a path rtt subtlv with value 0.000
About to enter subtlv parsting loop if 0 < 4
Hey look at me I've got a path rtt subtlv with value 0.000
About to enter subtlv parsting loop if 0 < 4
Hey look at me I've got a path rtt subtlv with value 0.000
About to enter subtlv parsting loop if 0 < -2
About to enter subtlv parsting loop if 0 < -2
About to enter subtlv parsting loop if 0 < -2
About to enter subtlv parsting loop if 0 < -2

My id 88:82:cc:e1:91:16:6b:aa seqno 48514
Neighbour fe80::e17d:1657 dev wg0 reach fff8 rxcost 256 txcost 256 rtt 0.000 rttcost 0 chan 255.
fd01:1234:1234:1234:f21c:73b8:d275:16ae/128 metric 0 price 5 (exported)
2001::3/128 metric 0 price 5 (exported)
2001::1/128 metric 512 (40526) price 20 refmetric 256 rtt 3.432 id b0:88:ad:8b:35:b3:8e:75 seqno 21678 chan (255) age 0 via wg0 neigh fe80::e17d:1657 (installed)
2001::2/128 metric 256 (35272) price 15 refmetric 0 rtt 0.000 id 38:62:35:70:d6:ff:aa:ed seqno 58555 age 0 via wg0 neigh fe80::e17d:1657 (installed)
fd01:1234:1234:1234:4534:7b6f:5cf5:5c61/128 metric 256 (35509) price 15 refmetric 0 rtt 0.000 id 38:62:35:70:d6:ff:aa:ed seqno 58555 age 0 via wg0 neigh fe80::e17d:1657 (installed)
fd01:1234:1234:1234:6494:b3aa:e17d:1657/128 metric 256 (30395) price 15 refmetric 0 rtt 0.000 id 38:62:35:70:d6:ff:aa:ed seqno 58555 age 0 via wg0 neigh fe80::e17d:1657 (installed)
fd01:1234:1234:1234:8f04:137e:9a1:8b79/128 metric 512 (33788) price 20 refmetric 256 rtt 3.432 id b0:88:ad:8b:35:b3:8e:75 seqno 21678 chan (255) age 0 via wg0 neigh fe80::e17d:1657 (installed)

My id 88:82:cc:e1:91:16:6b:aa seqno 48514
Neighbour fe80::e17d:1657 dev wg0 reach fff8 rxcost 256 txcost 256 rtt 0.000 rttcost 0 chan 255.
fd01:1234:1234:1234:f21c:73b8:d275:16ae/128 metric 0 price 5 (exported)
2001::3/128 metric 0 price 5 (exported)
2001::1/128 metric 512 (40526) price 20 refmetric 256 rtt 3.432 id b0:88:ad:8b:35:b3:8e:75 seqno 21678 chan (255) age 0 via wg0 neigh fe80::e17d:1657 (installed)
2001::2/128 metric 256 (35272) price 15 refmetric 0 rtt 0.000 id 38:62:35:70:d6:ff:aa:ed seqno 58555 age 0 via wg0 neigh fe80::e17d:1657 (installed)
fd01:1234:1234:1234:4534:7b6f:5cf5:5c61/128 metric 256 (35509) price 15 refmetric 0 rtt 0.000 id 38:62:35:70:d6:ff:aa:ed seqno 58555 age 0 via wg0 neigh fe80::e17d:1657 (installed)
fd01:1234:1234:1234:6494:b3aa:e17d:1657/128 metric 256 (30395) price 15 refmetric 0 rtt 0.000 id 38:62:35:70:d6:ff:aa:ed seqno 58555 age 0 via wg0 neigh fe80::e17d:1657 (installed)
fd01:1234:1234:1234:8f04:137e:9a1:8b79/128 metric 512 (33788) price 20 refmetric 256 rtt 3.432 id b0:88:ad:8b:35:b3:8e:75 seqno 21678 chan (255) age 0 via wg0 neigh fe80::e17d:1657 (installed)

My id 88:82:cc:e1:91:16:6b:aa seqno 48514
Neighbour fe80::e17d:1657 dev wg0 reach fff8 rxcost 256 txcost 256 rtt 0.000 rttcost 0 chan 255.
fd01:1234:1234:1234:f21c:73b8:d275:16ae/128 metric 0 price 5 (exported)
2001::3/128 metric 0 price 5 (exported)
2001::1/128 metric 512 (33378) price 20 refmetric 256 rtt 3.432 id b0:88:ad:8b:35:b3:8e:75 seqno 21678 chan (255) age 1 via wg0 neigh fe80::e17d:1657 (installed)
2001::2/128 metric 256 (30071) price 15 refmetric 0 rtt 0.000 id 38:62:35:70:d6:ff:aa:ed seqno 58555 age 1 via wg0 neigh fe80::e17d:1657 (installed)
fd01:1234:1234:1234:4534:7b6f:5cf5:5c61/128 metric 256 (27873) price 15 refmetric 0 rtt 0.000 id 38:62:35:70:d6:ff:aa:ed seqno 58555 age 1 via wg0 neigh fe80::e17d:1657 (installed)
fd01:1234:1234:1234:6494:b3aa:e17d:1657/128 metric 256 (23343) price 15 refmetric 0 rtt 0.000 id 38:62:35:70:d6:ff:aa:ed seqno 58555 age 1 via wg0 neigh fe80::e17d:1657 (installed)
fd01:1234:1234:1234:8f04:137e:9a1:8b79/128 metric 512 (28521) price 20 refmetric 256 rtt 3.432 id b0:88:ad:8b:35:b3:8e:75 seqno 21678 chan (255) age 1 via wg0 neigh fe80::e17d:1657 (installed)
I just sent a full path rtt subtlv with val 0.000!
I just sent a full path rtt subtlv with val 0.000!
I just sent a full path rtt subtlv with val 3.432!
I just sent a full path rtt subtlv with val 3.432!

My id 88:82:cc:e1:91:16:6b:aa seqno 48514
Neighbour fe80::e17d:1657 dev wg0 reach fff8 rxcost 256 txcost 256 rtt 0.000 rttcost 0 chan 255.
fd01:1234:1234:1234:f21c:73b8:d275:16ae/128 metric 0 price 5 (exported)
2001::3/128 metric 0 price 5 (exported)
2001::1/128 metric 512 (33378) price 20 refmetric 256 rtt 3.432 id b0:88:ad:8b:35:b3:8e:75 seqno 21678 chan (255) age 1 via wg0 neigh fe80::e17d:1657 (installed)
2001::2/128 metric 256 (30071) price 15 refmetric 0 rtt 0.000 id 38:62:35:70:d6:ff:aa:ed seqno 58555 age 1 via wg0 neigh fe80::e17d:1657 (installed)
fd01:1234:1234:1234:4534:7b6f:5cf5:5c61/128 metric 256 (27873) price 15 refmetric 0 rtt 0.000 id 38:62:35:70:d6:ff:aa:ed seqno 58555 age 1 via wg0 neigh fe80::e17d:1657 (installed)
fd01:1234:1234:1234:6494:b3aa:e17d:1657/128 metric 256 (23343) price 15 refmetric 0 rtt 0.000 id 38:62:35:70:d6:ff:aa:ed seqno 58555 age 1 via wg0 neigh fe80::e17d:1657 (installed)
fd01:1234:1234:1234:8f04:137e:9a1:8b79/128 metric 512 (28521) price 20 refmetric 256 rtt 3.432 id b0:88:ad:8b:35:b3:8e:75 seqno 21678 chan (255) age 1 via wg0 neigh fe80::e17d:1657 (installed)

My id 88:82:cc:e1:91:16:6b:aa seqno 48514
Neighbour fe80::e17d:1657 dev wg0 reach fffc rxcost 256 txcost 256 rtt 0.000 rttcost 0 chan 255.
fd01:1234:1234:1234:f21c:73b8:d275:16ae/128 metric 0 price 5 (exported)
2001::3/128 metric 0 price 5 (exported)
2001::1/128 metric 512 (33378) price 20 refmetric 256 rtt 3.432 id b0:88:ad:8b:35:b3:8e:75 seqno 21678 chan (255) age 1 via wg0 neigh fe80::e17d:1657 (installed)
2001::2/128 metric 256 (30071) price 15 refmetric 0 rtt 0.000 id 38:62:35:70:d6:ff:aa:ed seqno 58555 age 1 via wg0 neigh fe80::e17d:1657 (installed)
fd01:1234:1234:1234:4534:7b6f:5cf5:5c61/128 metric 256 (27873) price 15 refmetric 0 rtt 0.000 id 38:62:35:70:d6:ff:aa:ed seqno 58555 age 1 via wg0 neigh fe80::e17d:1657 (installed)
fd01:1234:1234:1234:6494:b3aa:e17d:1657/128 metric 256 (23343) price 15 refmetric 0 rtt 0.000 id 38:62:35:70:d6:ff:aa:ed seqno 58555 age 1 via wg0 neigh fe80::e17d:1657 (installed)
fd01:1234:1234:1234:8f04:137e:9a1:8b79/128 metric 512 (28521) price 20 refmetric 256 rtt 3.432 id b0:88:ad:8b:35:b3:8e:75 seqno 21678 chan (255) age 1 via wg0 neigh fe80::e17d:1657 (installed)

My id 88:82:cc:e1:91:16:6b:aa seqno 48514
Neighbour fe80::e17d:1657 dev wg0 reach fffc rxcost 256 txcost 256 rtt 0.000 rttcost 0 chan 255.
fd01:1234:1234:1234:f21c:73b8:d275:16ae/128 metric 0 price 5 (exported)
2001::3/128 metric 0 price 5 (exported)
2001::1/128 metric 512 (27991) price 20 refmetric 256 rtt 3.432 id b0:88:ad:8b:35:b3:8e:75 seqno 21678 chan (255) age 2 via wg0 neigh fe80::e17d:1657 (installed)
2001::2/128 metric 256 (24070) price 15 refmetric 0 rtt 0.000 id 38:62:35:70:d6:ff:aa:ed seqno 58555 age 2 via wg0 neigh fe80::e17d:1657 (installed)
fd01:1234:1234:1234:4534:7b6f:5cf5:5c61/128 metric 256 (22180) price 15 refmetric 0 rtt 0.000 id 38:62:35:70:d6:ff:aa:ed seqno 58555 age 2 via wg0 neigh fe80::e17d:1657 (installed)
fd01:1234:1234:1234:6494:b3aa:e17d:1657/128 metric 256 (19167) price 15 refmetric 0 rtt 0.000 id 38:62:35:70:d6:ff:aa:ed seqno 58555 age 2 via wg0 neigh fe80::e17d:1657 (installed)
fd01:1234:1234:1234:8f04:137e:9a1:8b79/128 metric 512 (23166) price 20 refmetric 256 rtt 3.432 id b0:88:ad:8b:35:b3:8e:75 seqno 21678 chan (255) age 2 via wg0 neigh fe80::e17d:1657 (installed)

My id 88:82:cc:e1:91:16:6b:aa seqno 48514
Neighbour fe80::e17d:1657 dev wg0 reach fffc rxcost 256 txcost 256 rtt 0.000 rttcost 0 chan 255.
fd01:1234:1234:1234:f21c:73b8:d275:16ae/128 metric 0 price 5 (exported)
2001::3/128 metric 0 price 5 (exported)
2001::1/128 metric 512 (27991) price 20 refmetric 256 rtt 3.432 id b0:88:ad:8b:35:b3:8e:75 seqno 21678 chan (255) age 2 via wg0 neigh fe80::e17d:1657 (installed)
2001::2/128 metric 256 (24070) price 15 refmetric 0 rtt 0.000 id 38:62:35:70:d6:ff:aa:ed seqno 58555 age 2 via wg0 neigh fe80::e17d:1657 (installed)
fd01:1234:1234:1234:4534:7b6f:5cf5:5c61/128 metric 256 (22180) price 15 refmetric 0 rtt 0.000 id 38:62:35:70:d6:ff:aa:ed seqno 58555 age 2 via wg0 neigh fe80::e17d:1657 (installed)
fd01:1234:1234:1234:6494:b3aa:e17d:1657/128 metric 256 (19167) price 15 refmetric 0 rtt 0.000 id 38:62:35:70:d6:ff:aa:ed seqno 58555 age 2 via wg0 neigh fe80::e17d:1657 (installed)
fd01:1234:1234:1234:8f04:137e:9a1:8b79/128 metric 512 (23166) price 20 refmetric 256 rtt 3.432 id b0:88:ad:8b:35:b3:8e:75 seqno 21678 chan (255) age 2 via wg0 neigh fe80::e17d:1657 (installed)

My id 88:82:cc:e1:91:16:6b:aa seqno 48514
Neighbour fe80::e17d:1657 dev wg0 reach fffe rxcost 256 txcost 256 rtt 0.000 rttcost 0 chan 255.
fd01:1234:1234:1234:f21c:73b8:d275:16ae/128 metric 0 price 5 (exported)
2001::3/128 metric 0 price 5 (exported)
2001::1/128 metric 512 (27991) price 20 refmetric 256 rtt 3.432 id b0:88:ad:8b:35:b3:8e:75 seqno 21678 chan (255) age 2 via wg0 neigh fe80::e17d:1657 (installed)
2001::2/128 metric 256 (24070) price 15 refmetric 0 rtt 0.000 id 38:62:35:70:d6:ff:aa:ed seqno 58555 age 2 via wg0 neigh fe80::e17d:1657 (installed)
fd01:1234:1234:1234:4534:7b6f:5cf5:5c61/128 metric 256 (22180) price 15 refmetric 0 rtt 0.000 id 38:62:35:70:d6:ff:aa:ed seqno 58555 age 2 via wg0 neigh fe80::e17d:1657 (installed)
fd01:1234:1234:1234:6494:b3aa:e17d:1657/128 metric 256 (19167) price 15 refmetric 0 rtt 0.000 id 38:62:35:70:d6:ff:aa:ed seqno 58555 age 2 via wg0 neigh fe80::e17d:1657 (installed)
fd01:1234:1234:1234:8f04:137e:9a1:8b79/128 metric 512 (23166) price 20 refmetric 256 rtt 3.432 id b0:88:ad:8b:35:b3:8e:75 seqno 21678 chan (255) age 2 via wg0 neigh fe80::e17d:1657 (installed)

My id 88:82:cc:e1:91:16:6b:aa seqno 48514
Neighbour fe80::e17d:1657 dev wg0 reach fffe rxcost 256 txcost 256 rtt 0.000 rttcost 0 chan 255.
fd01:1234:1234:1234:f21c:73b8:d275:16ae/128 metric 0 price 5 (exported)
2001::3/128 metric 0 price 5 (exported)
2001::1/128 metric 512 (27991) price 20 refmetric 256 rtt 3.432 id b0:88:ad:8b:35:b3:8e:75 seqno 21678 chan (255) age 2 via wg0 neigh fe80::e17d:1657 (installed)
2001::2/128 metric 256 (24070) price 15 refmetric 0 rtt 0.000 id 38:62:35:70:d6:ff:aa:ed seqno 58555 age 2 via wg0 neigh fe80::e17d:1657 (installed)
fd01:1234:1234:1234:4534:7b6f:5cf5:5c61/128 metric 256 (22180) price 15 refmetric 0 rtt 0.000 id 38:62:35:70:d6:ff:aa:ed seqno 58555 age 2 via wg0 neigh fe80::e17d:1657 (installed)
fd01:1234:1234:1234:6494:b3aa:e17d:1657/128 metric 256 (19167) price 15 refmetric 0 rtt 0.000 id 38:62:35:70:d6:ff:aa:ed seqno 58555 age 2 via wg0 neigh fe80::e17d:1657 (installed)
fd01:1234:1234:1234:8f04:137e:9a1:8b79/128 metric 512 (23166) price 20 refmetric 256 rtt 3.432 id b0:88:ad:8b:35:b3:8e:75 seqno 21678 chan (255) age 2 via wg0 neigh fe80::e17d:1657 (installed)

My id 88:82:cc:e1:91:16:6b:aa seqno 48514
Neighbour fe80::e17d:1657 dev wg0 reach fffe rxcost 256 txcost 256 rtt 0.000 rttcost 0 chan 255.
fd01:1234:1234:1234:f21c:73b8:d275:16ae/128 metric 0 price 5 (exported)
2001::3/128 metric 0 price 5 (exported)
2001::1/128 metric 512 (22283) price 20 refmetric 256 rtt 3.432 id b0:88:ad:8b:35:b3:8e:75 seqno 21678 chan (255) age 3 via wg0 neigh fe80::e17d:1657 (installed)
2001::2/128 metric 256 (20068) price 15 refmetric 0 rtt 0.000 id 38:62:35:70:d6:ff:aa:ed seqno 58555 age 3 via wg0 neigh fe80::e17d:1657 (installed)
fd01:1234:1234:1234:4534:7b6f:5cf5:5c61/128 metric 256 (17209) price 15 refmetric 0 rtt 0.000 id 38:62:35:70:d6:ff:aa:ed seqno 58555 age 3 via wg0 neigh fe80::e17d:1657 (installed)
fd01:1234:1234:1234:6494:b3aa:e17d:1657/128 metric 256 (15089) price 15 refmetric 0 rtt 0.000 id 38:62:35:70:d6:ff:aa:ed seqno 58555 age 3 via wg0 neigh fe80::e17d:1657 (installed)
fd01:1234:1234:1234:8f04:137e:9a1:8b79/128 metric 512 (18630) price 20 refmetric 256 rtt 3.432 id b0:88:ad:8b:35:b3:8e:75 seqno 21678 chan (255) age 3 via wg0 neigh fe80::e17d:1657 (installed)

My id 88:82:cc:e1:91:16:6b:aa seqno 48514
Neighbour fe80::e17d:1657 dev wg0 reach ffff rxcost 256 txcost 256 rtt 0.000 rttcost 0 chan 255.
fd01:1234:1234:1234:f21c:73b8:d275:16ae/128 metric 0 price 5 (exported)
2001::3/128 metric 0 price 5 (exported)
2001::1/128 metric 512 (22283) price 20 refmetric 256 rtt 3.432 id b0:88:ad:8b:35:b3:8e:75 seqno 21678 chan (255) age 3 via wg0 neigh fe80::e17d:1657 (installed)
2001::2/128 metric 256 (20068) price 15 refmetric 0 rtt 0.000 id 38:62:35:70:d6:ff:aa:ed seqno 58555 age 3 via wg0 neigh fe80::e17d:1657 (installed)
fd01:1234:1234:1234:4534:7b6f:5cf5:5c61/128 metric 256 (17209) price 15 refmetric 0 rtt 0.000 id 38:62:35:70:d6:ff:aa:ed seqno 58555 age 3 via wg0 neigh fe80::e17d:1657 (installed)
fd01:1234:1234:1234:6494:b3aa:e17d:1657/128 metric 256 (15089) price 15 refmetric 0 rtt 0.000 id 38:62:35:70:d6:ff:aa:ed seqno 58555 age 3 via wg0 neigh fe80::e17d:1657 (installed)
fd01:1234:1234:1234:8f04:137e:9a1:8b79/128 metric 512 (18630) price 20 refmetric 256 rtt 3.432 id b0:88:ad:8b:35:b3:8e:75 seqno 21678 chan (255) age 3 via wg0 neigh fe80::e17d:1657 (installed)

My id 88:82:cc:e1:91:16:6b:aa seqno 48514
Neighbour fe80::e17d:1657 dev wg0 reach ffff rxcost 256 txcost 256 rtt 0.000 rttcost 0 chan 255.
fd01:1234:1234:1234:f21c:73b8:d275:16ae/128 metric 0 price 5 (exported)
2001::3/128 metric 0 price 5 (exported)
2001::1/128 metric 512 (22283) price 20 refmetric 256 rtt 3.432 id b0:88:ad:8b:35:b3:8e:75 seqno 21678 chan (255) age 3 via wg0 neigh fe80::e17d:1657 (installed)
2001::2/128 metric 256 (20068) price 15 refmetric 0 rtt 0.000 id 38:62:35:70:d6:ff:aa:ed seqno 58555 age 3 via wg0 neigh fe80::e17d:1657 (installed)
fd01:1234:1234:1234:4534:7b6f:5cf5:5c61/128 metric 256 (17209) price 15 refmetric 0 rtt 0.000 id 38:62:35:70:d6:ff:aa:ed seqno 58555 age 3 via wg0 neigh fe80::e17d:1657 (installed)
fd01:1234:1234:1234:6494:b3aa:e17d:1657/128 metric 256 (15089) price 15 refmetric 0 rtt 0.000 id 38:62:35:70:d6:ff:aa:ed seqno 58555 age 3 via wg0 neigh fe80::e17d:1657 (installed)
fd01:1234:1234:1234:8f04:137e:9a1:8b79/128 metric 512 (18630) price 20 refmetric 256 rtt 3.432 id b0:88:ad:8b:35:b3:8e:75 seqno 21678 chan (255) age 3 via wg0 neigh fe80::e17d:1657 (installed)

My id 88:82:cc:e1:91:16:6b:aa seqno 48514
Neighbour fe80::e17d:1657 dev wg0 reach ffff rxcost 256 txcost 256 rtt 0.000 rttcost 0 chan 255.
fd01:1234:1234:1234:f21c:73b8:d275:16ae/128 metric 0 price 5 (exported)
2001::3/128 metric 0 price 5 (exported)
2001::1/128 metric 512 (22283) price 20 refmetric 256 rtt 3.432 id b0:88:ad:8b:35:b3:8e:75 seqno 21678 chan (255) age 3 via wg0 neigh fe80::e17d:1657 (installed)
2001::2/128 metric 256 (20068) price 15 refmetric 0 rtt 0.000 id 38:62:35:70:d6:ff:aa:ed seqno 58555 age 3 via wg0 neigh fe80::e17d:1657 (installed)
fd01:1234:1234:1234:4534:7b6f:5cf5:5c61/128 metric 256 (17209) price 15 refmetric 0 rtt 0.000 id 38:62:35:70:d6:ff:aa:ed seqno 58555 age 3 via wg0 neigh fe80::e17d:1657 (installed)
fd01:1234:1234:1234:6494:b3aa:e17d:1657/128 metric 256 (15089) price 15 refmetric 0 rtt 0.000 id 38:62:35:70:d6:ff:aa:ed seqno 58555 age 3 via wg0 neigh fe80::e17d:1657 (installed)
fd01:1234:1234:1234:8f04:137e:9a1:8b79/128 metric 512 (18630) price 20 refmetric 256 rtt 3.432 id b0:88:ad:8b:35:b3:8e:75 seqno 21678 chan (255) age 3 via wg0 neigh fe80::e17d:1657 (installed)

My id 88:82:cc:e1:91:16:6b:aa seqno 48514
Neighbour fe80::e17d:1657 dev wg0 reach ffff rxcost 256 txcost 256 rtt 0.000 rttcost 0 chan 255.
fd01:1234:1234:1234:f21c:73b8:d275:16ae/128 metric 0 price 5 (exported)
2001::3/128 metric 0 price 5 (exported)
2001::1/128 metric 512 (17838) price 20 refmetric 256 rtt 3.432 id b0:88:ad:8b:35:b3:8e:75 seqno 21678 chan (255) age 4 via wg0 neigh fe80::e17d:1657 (installed)
2001::2/128 metric 256 (16949) price 15 refmetric 0 rtt 0.000 id 38:62:35:70:d6:ff:aa:ed seqno 58555 age 4 via wg0 neigh fe80::e17d:1657 (installed)
fd01:1234:1234:1234:4534:7b6f:5cf5:5c61/128 metric 256 (14303) price 15 refmetric 0 rtt 0.000 id 38:62:35:70:d6:ff:aa:ed seqno 58555 age 4 via wg0 neigh fe80::e17d:1657 (installed)
fd01:1234:1234:1234:6494:b3aa:e17d:1657/128 metric 256 (12721) price 15 refmetric 0 rtt 0.000 id 38:62:35:70:d6:ff:aa:ed seqno 58555 age 4 via wg0 neigh fe80::e17d:1657 (installed)
fd01:1234:1234:1234:8f04:137e:9a1:8b79/128 metric 512 (14872) price 20 refmetric 256 rtt 3.432 id b0:88:ad:8b:35:b3:8e:75 seqno 21678 chan (255) age 4 via wg0 neigh fe80::e17d:1657 (installed)

My id 88:82:cc:e1:91:16:6b:aa seqno 48514
Neighbour fe80::e17d:1657 dev wg0 reach ffff rxcost 256 txcost 256 rtt 0.000 rttcost 0 chan 255.
fd01:1234:1234:1234:f21c:73b8:d275:16ae/128 metric 0 price 5 (exported)
2001::3/128 metric 0 price 5 (exported)
2001::1/128 metric 512 (17838) price 20 refmetric 256 rtt 3.432 id b0:88:ad:8b:35:b3:8e:75 seqno 21678 chan (255) age 4 via wg0 neigh fe80::e17d:1657 (installed)
2001::2/128 metric 256 (16949) price 15 refmetric 0 rtt 0.000 id 38:62:35:70:d6:ff:aa:ed seqno 58555 age 4 via wg0 neigh fe80::e17d:1657 (installed)
fd01:1234:1234:1234:4534:7b6f:5cf5:5c61/128 metric 256 (14303) price 15 refmetric 0 rtt 0.000 id 38:62:35:70:d6:ff:aa:ed seqno 58555 age 4 via wg0 neigh fe80::e17d:1657 (installed)
fd01:1234:1234:1234:6494:b3aa:e17d:1657/128 metric 256 (12721) price 15 refmetric 0 rtt 0.000 id 38:62:35:70:d6:ff:aa:ed seqno 58555 age 4 via wg0 neigh fe80::e17d:1657 (installed)
fd01:1234:1234:1234:8f04:137e:9a1:8b79/128 metric 512 (14872) price 20 refmetric 256 rtt 3.432 id b0:88:ad:8b:35:b3:8e:75 seqno 21678 chan (255) age 4 via wg0 neigh fe80::e17d:1657 (installed)
About to enter subtlv parsting loop if 0 < 4
Hey look at me I've got a path rtt subtlv with value 0.000
About to enter subtlv parsting loop if 0 < 4
Hey look at me I've got a path rtt subtlv with value 0.000
About to enter subtlv parsting loop if 0 < 4
Hey look at me I've got a path rtt subtlv with value 0.000
About to enter subtlv parsting loop if 0 < -2
About to enter subtlv parsting loop if 0 < -2
About to enter subtlv parsting loop if 0 < -2
About to enter subtlv parsting loop if 0 < -2

My id 88:82:cc:e1:91:16:6b:aa seqno 48514
Neighbour fe80::e17d:1657 dev wg0 reach ffff rxcost 256 txcost 256 rtt 0.000 rttcost 0 chan 255.
fd01:1234:1234:1234:f21c:73b8:d275:16ae/128 metric 0 price 5 (exported)
2001::3/128 metric 0 price 5 (exported)
2001::1/128 metric 512 (17838) price 20 refmetric 256 rtt 3.432 id b0:88:ad:8b:35:b3:8e:75 seqno 21678 chan (255) age 0 via wg0 neigh fe80::e17d:1657 (installed)
2001::2/128 metric 256 (16949) price 15 refmetric 0 rtt 0.000 id 38:62:35:70:d6:ff:aa:ed seqno 58555 age 0 via wg0 neigh fe80::e17d:1657 (installed)
fd01:1234:1234:1234:4534:7b6f:5cf5:5c61/128 metric 256 (14303) price 15 refmetric 0 rtt 0.000 id 38:62:35:70:d6:ff:aa:ed seqno 58555 age 0 via wg0 neigh fe80::e17d:1657 (installed)
fd01:1234:1234:1234:6494:b3aa:e17d:1657/128 metric 256 (12721) price 15 refmetric 0 rtt 0.000 id 38:62:35:70:d6:ff:aa:ed seqno 58555 age 0 via wg0 neigh fe80::e17d:1657 (installed)
fd01:1234:1234:1234:8f04:137e:9a1:8b79/128 metric 512 (14872) price 20 refmetric 256 rtt 3.432 id b0:88:ad:8b:35:b3:8e:75 seqno 21678 chan (255) age 0 via wg0 neigh fe80::e17d:1657 (installed)

My id 88:82:cc:e1:91:16:6b:aa seqno 48514
Neighbour fe80::e17d:1657 dev wg0 reach ffff rxcost 256 txcost 256 rtt 0.000 rttcost 0 chan 255.
fd01:1234:1234:1234:f21c:73b8:d275:16ae/128 metric 0 price 5 (exported)
2001::3/128 metric 0 price 5 (exported)
2001::1/128 metric 512 (15099) price 20 refmetric 256 rtt 3.432 id b0:88:ad:8b:35:b3:8e:75 seqno 21678 chan (255) age 1 via wg0 neigh fe80::e17d:1657 (installed)
2001::2/128 metric 256 (13066) price 15 refmetric 0 rtt 0.000 id 38:62:35:70:d6:ff:aa:ed seqno 58555 age 1 via wg0 neigh fe80::e17d:1657 (installed)
fd01:1234:1234:1234:4534:7b6f:5cf5:5c61/128 metric 256 (11397) price 15 refmetric 0 rtt 0.000 id 38:62:35:70:d6:ff:aa:ed seqno 58555 age 1 via wg0 neigh fe80::e17d:1657 (installed)
fd01:1234:1234:1234:6494:b3aa:e17d:1657/128 metric 256 (10075) price 15 refmetric 0 rtt 0.000 id 38:62:35:70:d6:ff:aa:ed seqno 58555 age 1 via wg0 neigh fe80::e17d:1657 (installed)
fd01:1234:1234:1234:8f04:137e:9a1:8b79/128 metric 512 (11784) price 20 refmetric 256 rtt 3.432 id b0:88:ad:8b:35:b3:8e:75 seqno 21678 chan (255) age 1 via wg0 neigh fe80::e17d:1657 (installed)

My id 88:82:cc:e1:91:16:6b:aa seqno 48514
Neighbour fe80::e17d:1657 dev wg0 reach ffff rxcost 256 txcost 256 rtt 0.000 rttcost 0 chan 255.
fd01:1234:1234:1234:f21c:73b8:d275:16ae/128 metric 0 price 5 (exported)
2001::3/128 metric 0 price 5 (exported)
2001::1/128 metric 512 (15099) price 20 refmetric 256 rtt 3.432 id b0:88:ad:8b:35:b3:8e:75 seqno 21678 chan (255) age 1 via wg0 neigh fe80::e17d:1657 (installed)
2001::2/128 metric 256 (13066) price 15 refmetric 0 rtt 0.000 id 38:62:35:70:d6:ff:aa:ed seqno 58555 age 1 via wg0 neigh fe80::e17d:1657 (installed)
fd01:1234:1234:1234:4534:7b6f:5cf5:5c61/128 metric 256 (11397) price 15 refmetric 0 rtt 0.000 id 38:62:35:70:d6:ff:aa:ed seqno 58555 age 1 via wg0 neigh fe80::e17d:1657 (installed)
fd01:1234:1234:1234:6494:b3aa:e17d:1657/128 metric 256 (10075) price 15 refmetric 0 rtt 0.000 id 38:62:35:70:d6:ff:aa:ed seqno 58555 age 1 via wg0 neigh fe80::e17d:1657 (installed)
fd01:1234:1234:1234:8f04:137e:9a1:8b79/128 metric 512 (11784) price 20 refmetric 256 rtt 3.432 id b0:88:ad:8b:35:b3:8e:75 seqno 21678 chan (255) age 1 via wg0 neigh fe80::e17d:1657 (installed)
I just sent a full path rtt subtlv with val 0.000!
I just sent a full path rtt subtlv with val 0.000!
I just sent a full path rtt subtlv with val 3.432!
I just sent a full path rtt subtlv with val 3.432!

My id 88:82:cc:e1:91:16:6b:aa seqno 48514
Neighbour fe80::e17d:1657 dev wg0 reach ffff rxcost 256 txcost 256 rtt 0.000 rttcost 0 chan 255.
fd01:1234:1234:1234:f21c:73b8:d275:16ae/128 metric 0 price 5 (exported)
2001::3/128 metric 0 price 5 (exported)
2001::1/128 metric 512 (15099) price 20 refmetric 256 rtt 3.432 id b0:88:ad:8b:35:b3:8e:75 seqno 21678 chan (255) age 1 via wg0 neigh fe80::e17d:1657 (installed)
2001::2/128 metric 256 (13066) price 15 refmetric 0 rtt 0.000 id 38:62:35:70:d6:ff:aa:ed seqno 58555 age 1 via wg0 neigh fe80::e17d:1657 (installed)
fd01:1234:1234:1234:4534:7b6f:5cf5:5c61/128 metric 256 (11397) price 15 refmetric 0 rtt 0.000 id 38:62:35:70:d6:ff:aa:ed seqno 58555 age 1 via wg0 neigh fe80::e17d:1657 (installed)
fd01:1234:1234:1234:6494:b3aa:e17d:1657/128 metric 256 (10075) price 15 refmetric 0 rtt 0.000 id 38:62:35:70:d6:ff:aa:ed seqno 58555 age 1 via wg0 neigh fe80::e17d:1657 (installed)
fd01:1234:1234:1234:8f04:137e:9a1:8b79/128 metric 512 (11784) price 20 refmetric 256 rtt 3.432 id b0:88:ad:8b:35:b3:8e:75 seqno 21678 chan (255) age 1 via wg0 neigh fe80::e17d:1657 (installed)

My id 88:82:cc:e1:91:16:6b:aa seqno 48514
Neighbour fe80::e17d:1657 dev wg0 reach ffff rxcost 256 txcost 256 rtt 0.000 rttcost 0 chan 255.
fd01:1234:1234:1234:f21c:73b8:d275:16ae/128 metric 0 price 5 (exported)
2001::3/128 metric 0 price 5 (exported)
2001::1/128 metric 512 (15099) price 20 refmetric 256 rtt 3.432 id b0:88:ad:8b:35:b3:8e:75 seqno 21678 chan (255) age 1 via wg0 neigh fe80::e17d:1657 (installed)
2001::2/128 metric 256 (13066) price 15 refmetric 0 rtt 0.000 id 38:62:35:70:d6:ff:aa:ed seqno 58555 age 1 via wg0 neigh fe80::e17d:1657 (installed)
fd01:1234:1234:1234:4534:7b6f:5cf5:5c61/128 metric 256 (11397) price 15 refmetric 0 rtt 0.000 id 38:62:35:70:d6:ff:aa:ed seqno 58555 age 1 via wg0 neigh fe80::e17d:1657 (installed)
fd01:1234:1234:1234:6494:b3aa:e17d:1657/128 metric 256 (10075) price 15 refmetric 0 rtt 0.000 id 38:62:35:70:d6:ff:aa:ed seqno 58555 age 1 via wg0 neigh fe80::e17d:1657 (installed)
fd01:1234:1234:1234:8f04:137e:9a1:8b79/128 metric 512 (11784) price 20 refmetric 256 rtt 3.432 id b0:88:ad:8b:35:b3:8e:75 seqno 21678 chan (255) age 1 via wg0 neigh fe80::e17d:1657 (installed)

My id 88:82:cc:e1:91:16:6b:aa seqno 48514
Neighbour fe80::e17d:1657 dev wg0 reach ffff rxcost 256 txcost 256 rtt 0.000 rttcost 0 chan 255.
fd01:1234:1234:1234:f21c:73b8:d275:16ae/128 metric 0 price 5 (exported)
2001::3/128 metric 0 price 5 (exported)
2001::1/128 metric 512 (15099) price 20 refmetric 256 rtt 3.432 id b0:88:ad:8b:35:b3:8e:75 seqno 21678 chan (255) age 1 via wg0 neigh fe80::e17d:1657 (installed)
2001::2/128 metric 256 (13066) price 15 refmetric 0 rtt 0.000 id 38:62:35:70:d6:ff:aa:ed seqno 58555 age 1 via wg0 neigh fe80::e17d:1657 (installed)
fd01:1234:1234:1234:4534:7b6f:5cf5:5c61/128 metric 256 (11397) price 15 refmetric 0 rtt 0.000 id 38:62:35:70:d6:ff:aa:ed seqno 58555 age 1 via wg0 neigh fe80::e17d:1657 (installed)
fd01:1234:1234:1234:6494:b3aa:e17d:1657/128 metric 256 (10075) price 15 refmetric 0 rtt 0.000 id 38:62:35:70:d6:ff:aa:ed seqno 58555 age 1 via wg0 neigh fe80::e17d:1657 (installed)
fd01:1234:1234:1234:8f04:137e:9a1:8b79/128 metric 512 (11784) price 20 refmetric 256 rtt 3.432 id b0:88:ad:8b:35:b3:8e:75 seqno 21678 chan (255) age 1 via wg0 neigh fe80::e17d:1657 (installed)
kernel_route(FLUSH): No such process
